# lattice-best-path --lm-scale=14 --word-symbol-table=exp/tri1/graph/words.txt "ark:gunzip -c exp/tri1/decode/lat.*.gz|" ark,t:exp/tri1/decode/scoring/14.tra 
# Started at Tue Dec  8 14:18:07 GMT 2020
#
lattice-best-path --lm-scale=14 --word-symbol-table=exp/tri1/graph/words.txt 'ark:gunzip -c exp/tri1/decode/lat.*.gz|' ark,t:exp/tri1/decode/scoring/14.tra 
LOG (lattice-best-path[5.5.846~1-a7c42]:main():lattice-best-path.cc:99) For utterance jackson_4_0, best cost 100.016 + 4783.04 = 4883.05 over 52 frames.
jackson_4_0 zero 
LOG (lattice-best-path[5.5.846~1-a7c42]:main():lattice-best-path.cc:99) For utterance jackson_4_1, best cost 100.27 + 5221.33 = 5321.6 over 51 frames.
jackson_4_1 one 
LOG (lattice-best-path[5.5.846~1-a7c42]:main():lattice-best-path.cc:99) For utterance jackson_4_2, best cost 94.791 + 4768.68 = 4863.47 over 46 frames.
jackson_4_2 two 
LOG (lattice-best-path[5.5.846~1-a7c42]:main():lattice-best-path.cc:99) For utterance jackson_4_3, best cost 121.766 + 4289.9 = 4411.66 over 43 frames.
jackson_4_3 three 
LOG (lattice-best-path[5.5.846~1-a7c42]:main():lattice-best-path.cc:99) For utterance jackson_4_4, best cost 96.3834 + 3827.97 = 3924.35 over 41 frames.
jackson_4_4 four 
LOG (lattice-best-path[5.5.846~1-a7c42]:main():lattice-best-path.cc:99) For utterance jackson_4_5, best cost 103.44 + 4809.91 = 4913.35 over 51 frames.
jackson_4_5 five 
LOG (lattice-best-path[5.5.846~1-a7c42]:main():lattice-best-path.cc:99) For utterance jackson_4_6, best cost 103.583 + 5885.19 = 5988.77 over 61 frames.
jackson_4_6 six 
LOG (lattice-best-path[5.5.846~1-a7c42]:main():lattice-best-path.cc:99) For utterance jackson_4_7, best cost 101.576 + 4324.58 = 4426.16 over 40 frames.
jackson_4_7 seven 
LOG (lattice-best-path[5.5.846~1-a7c42]:main():lattice-best-path.cc:99) For utterance jackson_4_8, best cost 89.4136 + 3801.02 = 3890.44 over 39 frames.
jackson_4_8 eight 
LOG (lattice-best-path[5.5.846~1-a7c42]:main():lattice-best-path.cc:99) For utterance jackson_4_9, best cost 102.579 + 5227.09 = 5329.67 over 56 frames.
jackson_4_9 nine 
LOG (lattice-best-path[5.5.846~1-a7c42]:main():lattice-best-path.cc:99) For utterance nicolas_2_0, best cost 93.6621 + 3032.3 = 3125.97 over 34 frames.
nicolas_2_0 zero 
LOG (lattice-best-path[5.5.846~1-a7c42]:main():lattice-best-path.cc:99) For utterance nicolas_2_1, best cost 91.0527 + 2002.62 = 2093.67 over 24 frames.
nicolas_2_1 one 
LOG (lattice-best-path[5.5.846~1-a7c42]:main():lattice-best-path.cc:99) For utterance nicolas_2_2, best cost 91.5702 + 3088.04 = 3179.61 over 34 frames.
nicolas_2_2 two 
LOG (lattice-best-path[5.5.846~1-a7c42]:main():lattice-best-path.cc:99) For utterance nicolas_2_3, best cost 92.3061 + 1999.93 = 2092.24 over 24 frames.
nicolas_2_3 three 
LOG (lattice-best-path[5.5.846~1-a7c42]:main():lattice-best-path.cc:99) For utterance nicolas_2_4, best cost 86.9055 + 2468.4 = 2555.31 over 29 frames.
nicolas_2_4 four 
LOG (lattice-best-path[5.5.846~1-a7c42]:main():lattice-best-path.cc:99) For utterance nicolas_2_5, best cost 92.9113 + 2403.5 = 2496.41 over 29 frames.
nicolas_2_5 five 
LOG (lattice-best-path[5.5.846~1-a7c42]:main():lattice-best-path.cc:99) For utterance nicolas_2_6, best cost 93.1357 + 2292.93 = 2386.07 over 24 frames.
nicolas_2_6 six 
LOG (lattice-best-path[5.5.846~1-a7c42]:main():lattice-best-path.cc:99) For utterance nicolas_2_7, best cost 98.4388 + 3792.85 = 3891.29 over 43 frames.
nicolas_2_7 seven 
LOG (lattice-best-path[5.5.846~1-a7c42]:main():lattice-best-path.cc:99) For utterance nicolas_2_8, best cost 85.907 + 1950.45 = 2036.36 over 22 frames.
nicolas_2_8 eight 
LOG (lattice-best-path[5.5.846~1-a7c42]:main():lattice-best-path.cc:99) For utterance nicolas_2_9, best cost 93.2464 + 3360.04 = 3453.29 over 42 frames.
nicolas_2_9 nine 
LOG (lattice-best-path[5.5.846~1-a7c42]:main():lattice-best-path.cc:99) For utterance theo_1_0, best cost 94.5877 + 2924.87 = 3019.46 over 33 frames.
theo_1_0 zero 
LOG (lattice-best-path[5.5.846~1-a7c42]:main():lattice-best-path.cc:99) For utterance theo_1_1, best cost 90.5077 + 1985.87 = 2076.38 over 21 frames.
theo_1_1 one 
LOG (lattice-best-path[5.5.846~1-a7c42]:main():lattice-best-path.cc:99) For utterance theo_1_2, best cost 90.3102 + 2043.33 = 2133.64 over 21 frames.
theo_1_2 two 
LOG (lattice-best-path[5.5.846~1-a7c42]:main():lattice-best-path.cc:99) For utterance theo_1_3, best cost 94.8247 + 2690.91 = 2785.74 over 26 frames.
theo_1_3 three 
LOG (lattice-best-path[5.5.846~1-a7c42]:main():lattice-best-path.cc:99) For utterance theo_1_4, best cost 87.0195 + 2363.41 = 2450.43 over 23 frames.
theo_1_4 four 
LOG (lattice-best-path[5.5.846~1-a7c42]:main():lattice-best-path.cc:99) For utterance theo_1_5, best cost 87.3579 + 2413.76 = 2501.12 over 27 frames.
theo_1_5 five 
LOG (lattice-best-path[5.5.846~1-a7c42]:main():lattice-best-path.cc:99) For utterance theo_1_6, best cost 108.193 + 4382.16 = 4490.35 over 46 frames.
theo_1_6 six 
LOG (lattice-best-path[5.5.846~1-a7c42]:main():lattice-best-path.cc:99) For utterance theo_1_7, best cost 94.7566 + 3292.81 = 3387.56 over 34 frames.
theo_1_7 seven 
LOG (lattice-best-path[5.5.846~1-a7c42]:main():lattice-best-path.cc:99) For utterance theo_1_8, best cost 94.0315 + 2974.09 = 3068.12 over 30 frames.
theo_1_8 eight 
LOG (lattice-best-path[5.5.846~1-a7c42]:main():lattice-best-path.cc:99) For utterance theo_1_9, best cost 90.1988 + 2685.83 = 2776.03 over 27 frames.
theo_1_9 nine 
LOG (lattice-best-path[5.5.846~1-a7c42]:main():lattice-best-path.cc:124) Overall cost per frame is 96.8794 = 2.66984 [graph] + 94.2095 [acoustic] over 1073 frames.
LOG (lattice-best-path[5.5.846~1-a7c42]:main():lattice-best-path.cc:128) Done 30 lattices, failed for 0
# Accounting: time=0 threads=1
# Ended (code 0) at Tue Dec  8 14:18:07 GMT 2020, elapsed time 0 seconds
