# lattice-best-path --lm-scale=16 --word-symbol-table=exp/tri1/graph/words.txt "ark:gunzip -c exp/tri1/decode/lat.*.gz|" ark,t:exp/tri1/decode/scoring/16.tra 
# Started at Tue Dec  8 14:18:07 GMT 2020
#
lattice-best-path --lm-scale=16 --word-symbol-table=exp/tri1/graph/words.txt 'ark:gunzip -c exp/tri1/decode/lat.*.gz|' ark,t:exp/tri1/decode/scoring/16.tra 
LOG (lattice-best-path[5.5.846~1-a7c42]:main():lattice-best-path.cc:99) For utterance jackson_4_0, best cost 114.304 + 4783.04 = 4897.34 over 52 frames.
jackson_4_0 zero 
LOG (lattice-best-path[5.5.846~1-a7c42]:main():lattice-best-path.cc:99) For utterance jackson_4_1, best cost 114.595 + 5221.33 = 5335.92 over 51 frames.
jackson_4_1 one 
LOG (lattice-best-path[5.5.846~1-a7c42]:main():lattice-best-path.cc:99) For utterance jackson_4_2, best cost 108.333 + 4768.68 = 4877.01 over 46 frames.
jackson_4_2 two 
LOG (lattice-best-path[5.5.846~1-a7c42]:main():lattice-best-path.cc:99) For utterance jackson_4_3, best cost 139.161 + 4289.9 = 4429.06 over 43 frames.
jackson_4_3 three 
LOG (lattice-best-path[5.5.846~1-a7c42]:main():lattice-best-path.cc:99) For utterance jackson_4_4, best cost 110.152 + 3827.97 = 3938.12 over 41 frames.
jackson_4_4 four 
LOG (lattice-best-path[5.5.846~1-a7c42]:main():lattice-best-path.cc:99) For utterance jackson_4_5, best cost 118.217 + 4809.91 = 4928.13 over 51 frames.
jackson_4_5 five 
LOG (lattice-best-path[5.5.846~1-a7c42]:main():lattice-best-path.cc:99) For utterance jackson_4_6, best cost 118.381 + 5885.19 = 6003.57 over 61 frames.
jackson_4_6 six 
LOG (lattice-best-path[5.5.846~1-a7c42]:main():lattice-best-path.cc:99) For utterance jackson_4_7, best cost 116.086 + 4324.58 = 4440.67 over 40 frames.
jackson_4_7 seven 
LOG (lattice-best-path[5.5.846~1-a7c42]:main():lattice-best-path.cc:99) For utterance jackson_4_8, best cost 102.187 + 3801.02 = 3903.21 over 39 frames.
jackson_4_8 eight 
LOG (lattice-best-path[5.5.846~1-a7c42]:main():lattice-best-path.cc:99) For utterance jackson_4_9, best cost 117.233 + 5227.09 = 5344.32 over 56 frames.
jackson_4_9 nine 
LOG (lattice-best-path[5.5.846~1-a7c42]:main():lattice-best-path.cc:99) For utterance nicolas_2_0, best cost 107.042 + 3032.3 = 3139.35 over 34 frames.
nicolas_2_0 zero 
LOG (lattice-best-path[5.5.846~1-a7c42]:main():lattice-best-path.cc:99) For utterance nicolas_2_1, best cost 104.06 + 2002.62 = 2106.68 over 24 frames.
nicolas_2_1 one 
LOG (lattice-best-path[5.5.846~1-a7c42]:main():lattice-best-path.cc:99) For utterance nicolas_2_2, best cost 104.652 + 3088.04 = 3192.7 over 34 frames.
nicolas_2_2 two 
LOG (lattice-best-path[5.5.846~1-a7c42]:main():lattice-best-path.cc:99) For utterance nicolas_2_3, best cost 105.493 + 1999.93 = 2105.43 over 24 frames.
nicolas_2_3 three 
LOG (lattice-best-path[5.5.846~1-a7c42]:main():lattice-best-path.cc:99) For utterance nicolas_2_4, best cost 99.3206 + 2468.4 = 2567.72 over 29 frames.
nicolas_2_4 four 
LOG (lattice-best-path[5.5.846~1-a7c42]:main():lattice-best-path.cc:99) For utterance nicolas_2_5, best cost 106.184 + 2403.5 = 2509.69 over 29 frames.
nicolas_2_5 five 
LOG (lattice-best-path[5.5.846~1-a7c42]:main():lattice-best-path.cc:99) For utterance nicolas_2_6, best cost 106.441 + 2292.93 = 2399.37 over 24 frames.
nicolas_2_6 six 
LOG (lattice-best-path[5.5.846~1-a7c42]:main():lattice-best-path.cc:99) For utterance nicolas_2_7, best cost 112.501 + 3792.85 = 3905.36 over 43 frames.
nicolas_2_7 seven 
LOG (lattice-best-path[5.5.846~1-a7c42]:main():lattice-best-path.cc:99) For utterance nicolas_2_8, best cost 98.1795 + 1950.45 = 2048.63 over 22 frames.
nicolas_2_8 eight 
LOG (lattice-best-path[5.5.846~1-a7c42]:main():lattice-best-path.cc:99) For utterance nicolas_2_9, best cost 106.567 + 3360.04 = 3466.61 over 42 frames.
nicolas_2_9 nine 
LOG (lattice-best-path[5.5.846~1-a7c42]:main():lattice-best-path.cc:99) For utterance theo_1_0, best cost 108.1 + 2924.87 = 3032.97 over 33 frames.
theo_1_0 zero 
LOG (lattice-best-path[5.5.846~1-a7c42]:main():lattice-best-path.cc:99) For utterance theo_1_1, best cost 103.437 + 1985.87 = 2089.31 over 21 frames.
theo_1_1 one 
LOG (lattice-best-path[5.5.846~1-a7c42]:main():lattice-best-path.cc:99) For utterance theo_1_2, best cost 103.212 + 2043.33 = 2146.54 over 21 frames.
theo_1_2 two 
LOG (lattice-best-path[5.5.846~1-a7c42]:main():lattice-best-path.cc:99) For utterance theo_1_3, best cost 108.371 + 2690.91 = 2799.28 over 26 frames.
theo_1_3 three 
LOG (lattice-best-path[5.5.846~1-a7c42]:main():lattice-best-path.cc:99) For utterance theo_1_4, best cost 99.4509 + 2363.41 = 2462.87 over 23 frames.
theo_1_4 four 
LOG (lattice-best-path[5.5.846~1-a7c42]:main():lattice-best-path.cc:99) For utterance theo_1_5, best cost 99.8376 + 2413.76 = 2513.6 over 27 frames.
theo_1_5 five 
LOG (lattice-best-path[5.5.846~1-a7c42]:main():lattice-best-path.cc:99) For utterance theo_1_6, best cost 123.649 + 4382.16 = 4505.81 over 46 frames.
theo_1_6 six 
LOG (lattice-best-path[5.5.846~1-a7c42]:main():lattice-best-path.cc:99) For utterance theo_1_7, best cost 108.293 + 3292.81 = 3401.1 over 34 frames.
theo_1_7 seven 
LOG (lattice-best-path[5.5.846~1-a7c42]:main():lattice-best-path.cc:99) For utterance theo_1_8, best cost 107.465 + 2974.09 = 3081.55 over 30 frames.
theo_1_8 eight 
LOG (lattice-best-path[5.5.846~1-a7c42]:main():lattice-best-path.cc:99) For utterance theo_1_9, best cost 103.084 + 2685.83 = 2788.92 over 27 frames.
theo_1_9 nine 
LOG (lattice-best-path[5.5.846~1-a7c42]:main():lattice-best-path.cc:124) Overall cost per frame is 97.2608 = 3.05125 [graph] + 94.2095 [acoustic] over 1073 frames.
LOG (lattice-best-path[5.5.846~1-a7c42]:main():lattice-best-path.cc:128) Done 30 lattices, failed for 0
# Accounting: time=0 threads=1
# Ended (code 0) at Tue Dec  8 14:18:07 GMT 2020, elapsed time 0 seconds
