# gmm-latgen-faster --max-active=7000 --beam=13.0 --lattice-beam=6.0 --acoustic-scale=0.083333 --allow-partial=true --word-symbol-table=exp/mono/graph/words.txt exp/mono/final.mdl exp/mono/graph/HCLG.fst "ark,s,cs:apply-cmvn  --utt2spk=ark:data/test/split1/1/utt2spk scp:data/test/split1/1/cmvn.scp scp:data/test/split1/1/feats.scp ark:- | add-deltas  ark:- ark:- |" "ark:|gzip -c > exp/mono/decode/lat.1.gz" 
# Started at Tue Dec  8 14:18:03 GMT 2020
#
gmm-latgen-faster --max-active=7000 --beam=13.0 --lattice-beam=6.0 --acoustic-scale=0.083333 --allow-partial=true --word-symbol-table=exp/mono/graph/words.txt exp/mono/final.mdl exp/mono/graph/HCLG.fst 'ark,s,cs:apply-cmvn  --utt2spk=ark:data/test/split1/1/utt2spk scp:data/test/split1/1/cmvn.scp scp:data/test/split1/1/feats.scp ark:- | add-deltas  ark:- ark:- |' 'ark:|gzip -c > exp/mono/decode/lat.1.gz' 
apply-cmvn --utt2spk=ark:data/test/split1/1/utt2spk scp:data/test/split1/1/cmvn.scp scp:data/test/split1/1/feats.scp ark:- 
add-deltas ark:- ark:- 
LOG (apply-cmvn[5.5.846~1-a7c42]:main():apply-cmvn.cc:162) Applied cepstral mean normalization to 30 utterances, errors on 0
jackson_4_0 zero 
LOG (gmm-latgen-faster[5.5.846~1-a7c42]:DecodeUtteranceLatticeFaster():decoder-wrappers.cc:375) Log-like per frame for utterance jackson_4_0 is -7.82839 over 52 frames.
jackson_4_1 one 
LOG (gmm-latgen-faster[5.5.846~1-a7c42]:DecodeUtteranceLatticeFaster():decoder-wrappers.cc:375) Log-like per frame for utterance jackson_4_1 is -8.46296 over 51 frames.
jackson_4_2 two 
LOG (gmm-latgen-faster[5.5.846~1-a7c42]:DecodeUtteranceLatticeFaster():decoder-wrappers.cc:375) Log-like per frame for utterance jackson_4_2 is -8.8565 over 46 frames.
jackson_4_3 three 
LOG (gmm-latgen-faster[5.5.846~1-a7c42]:DecodeUtteranceLatticeFaster():decoder-wrappers.cc:375) Log-like per frame for utterance jackson_4_3 is -8.28779 over 43 frames.
jackson_4_4 four 
LOG (gmm-latgen-faster[5.5.846~1-a7c42]:DecodeUtteranceLatticeFaster():decoder-wrappers.cc:375) Log-like per frame for utterance jackson_4_4 is -7.84137 over 41 frames.
jackson_4_5 five 
LOG (gmm-latgen-faster[5.5.846~1-a7c42]:DecodeUtteranceLatticeFaster():decoder-wrappers.cc:375) Log-like per frame for utterance jackson_4_5 is -8.03923 over 51 frames.
jackson_4_6 six 
LOG (gmm-latgen-faster[5.5.846~1-a7c42]:DecodeUtteranceLatticeFaster():decoder-wrappers.cc:375) Log-like per frame for utterance jackson_4_6 is -8.11123 over 61 frames.
jackson_4_7 seven 
LOG (gmm-latgen-faster[5.5.846~1-a7c42]:DecodeUtteranceLatticeFaster():decoder-wrappers.cc:375) Log-like per frame for utterance jackson_4_7 is -8.91556 over 40 frames.
jackson_4_8 eight 
LOG (gmm-latgen-faster[5.5.846~1-a7c42]:DecodeUtteranceLatticeFaster():decoder-wrappers.cc:375) Log-like per frame for utterance jackson_4_8 is -8.53534 over 39 frames.
jackson_4_9 nine 
LOG (gmm-latgen-faster[5.5.846~1-a7c42]:DecodeUtteranceLatticeFaster():decoder-wrappers.cc:375) Log-like per frame for utterance jackson_4_9 is -7.89678 over 56 frames.
nicolas_2_0 zero 
LOG (gmm-latgen-faster[5.5.846~1-a7c42]:DecodeUtteranceLatticeFaster():decoder-wrappers.cc:375) Log-like per frame for utterance nicolas_2_0 is -7.63094 over 34 frames.
nicolas_2_1 one 
LOG (gmm-latgen-faster[5.5.846~1-a7c42]:DecodeUtteranceLatticeFaster():decoder-wrappers.cc:375) Log-like per frame for utterance nicolas_2_1 is -7.3408 over 24 frames.
nicolas_2_2 two 
LOG (gmm-latgen-faster[5.5.846~1-a7c42]:DecodeUtteranceLatticeFaster():decoder-wrappers.cc:375) Log-like per frame for utterance nicolas_2_2 is -7.68877 over 34 frames.
nicolas_2_3 three 
LOG (gmm-latgen-faster[5.5.846~1-a7c42]:DecodeUtteranceLatticeFaster():decoder-wrappers.cc:375) Log-like per frame for utterance nicolas_2_3 is -7.2638 over 24 frames.
nicolas_2_4 four 
LOG (gmm-latgen-faster[5.5.846~1-a7c42]:DecodeUtteranceLatticeFaster():decoder-wrappers.cc:375) Log-like per frame for utterance nicolas_2_4 is -7.57034 over 29 frames.
nicolas_2_5 five 
LOG (gmm-latgen-faster[5.5.846~1-a7c42]:DecodeUtteranceLatticeFaster():decoder-wrappers.cc:375) Log-like per frame for utterance nicolas_2_5 is -7.24143 over 29 frames.
nicolas_2_6 six 
LOG (gmm-latgen-faster[5.5.846~1-a7c42]:DecodeUtteranceLatticeFaster():decoder-wrappers.cc:375) Log-like per frame for utterance nicolas_2_6 is -8.29095 over 24 frames.
nicolas_2_7 seven 
LOG (gmm-latgen-faster[5.5.846~1-a7c42]:DecodeUtteranceLatticeFaster():decoder-wrappers.cc:375) Log-like per frame for utterance nicolas_2_7 is -7.60086 over 43 frames.
nicolas_2_8 eight 
LOG (gmm-latgen-faster[5.5.846~1-a7c42]:DecodeUtteranceLatticeFaster():decoder-wrappers.cc:375) Log-like per frame for utterance nicolas_2_8 is -7.57336 over 22 frames.
nicolas_2_9 nine 
LOG (gmm-latgen-faster[5.5.846~1-a7c42]:DecodeUtteranceLatticeFaster():decoder-wrappers.cc:375) Log-like per frame for utterance nicolas_2_9 is -6.85424 over 42 frames.
theo_1_0 zero 
LOG (gmm-latgen-faster[5.5.846~1-a7c42]:DecodeUtteranceLatticeFaster():decoder-wrappers.cc:375) Log-like per frame for utterance theo_1_0 is -7.77805 over 33 frames.
theo_1_1 one 
LOG (gmm-latgen-faster[5.5.846~1-a7c42]:DecodeUtteranceLatticeFaster():decoder-wrappers.cc:375) Log-like per frame for utterance theo_1_1 is -8.24385 over 21 frames.
theo_1_2 two 
LOG (gmm-latgen-faster[5.5.846~1-a7c42]:DecodeUtteranceLatticeFaster():decoder-wrappers.cc:375) Log-like per frame for utterance theo_1_2 is -8.32109 over 21 frames.
theo_1_3 three 
LOG (gmm-latgen-faster[5.5.846~1-a7c42]:DecodeUtteranceLatticeFaster():decoder-wrappers.cc:375) Log-like per frame for utterance theo_1_3 is -9.05059 over 26 frames.
theo_1_4 four 
LOG (gmm-latgen-faster[5.5.846~1-a7c42]:DecodeUtteranceLatticeFaster():decoder-wrappers.cc:375) Log-like per frame for utterance theo_1_4 is -8.7435 over 23 frames.
theo_1_5 five 
LOG (gmm-latgen-faster[5.5.846~1-a7c42]:DecodeUtteranceLatticeFaster():decoder-wrappers.cc:375) Log-like per frame for utterance theo_1_5 is -7.38082 over 27 frames.
theo_1_6 six 
LOG (gmm-latgen-faster[5.5.846~1-a7c42]:DecodeUtteranceLatticeFaster():decoder-wrappers.cc:375) Log-like per frame for utterance theo_1_6 is -8.15799 over 46 frames.
theo_1_7 seven 
LOG (gmm-latgen-faster[5.5.846~1-a7c42]:DecodeUtteranceLatticeFaster():decoder-wrappers.cc:375) Log-like per frame for utterance theo_1_7 is -8.23615 over 34 frames.
theo_1_8 eight 
LOG (gmm-latgen-faster[5.5.846~1-a7c42]:DecodeUtteranceLatticeFaster():decoder-wrappers.cc:375) Log-like per frame for utterance theo_1_8 is -8.69379 over 30 frames.
theo_1_9 nine 
LOG (gmm-latgen-faster[5.5.846~1-a7c42]:DecodeUtteranceLatticeFaster():decoder-wrappers.cc:375) Log-like per frame for utterance theo_1_9 is -8.44867 over 27 frames.
LOG (gmm-latgen-faster[5.5.846~1-a7c42]:main():gmm-latgen-faster.cc:176) Time taken 0.043221s: real-time factor assuming 100 frames/sec is 0.00402805
LOG (gmm-latgen-faster[5.5.846~1-a7c42]:main():gmm-latgen-faster.cc:179) Done 30 utterances, failed for 0
LOG (gmm-latgen-faster[5.5.846~1-a7c42]:main():gmm-latgen-faster.cc:181) Overall log-likelihood per frame is -8.03929 over 1073 frames.
# Accounting: time=0 threads=1
# Ended (code 0) at Tue Dec  8 14:18:03 GMT 2020, elapsed time 0 seconds
