# lattice-best-path --lm-scale=9 --word-symbol-table=exp/mono/graph/words.txt "ark:gunzip -c exp/mono/decode/lat.*.gz|" ark,t:exp/mono/decode/scoring/9.tra 
# Started at Tue Dec  8 14:18:03 GMT 2020
#
lattice-best-path --lm-scale=9 --word-symbol-table=exp/mono/graph/words.txt 'ark:gunzip -c exp/mono/decode/lat.*.gz|' ark,t:exp/mono/decode/scoring/9.tra 
LOG (lattice-best-path[5.5.846~1-a7c42]:main():lattice-best-path.cc:99) For utterance jackson_4_0, best cost 68.9532 + 4793 = 4861.95 over 52 frames.
jackson_4_0 zero 
LOG (lattice-best-path[5.5.846~1-a7c42]:main():lattice-best-path.cc:99) For utterance jackson_4_1, best cost 71.0864 + 5084.57 = 5155.66 over 51 frames.
jackson_4_1 one 
LOG (lattice-best-path[5.5.846~1-a7c42]:main():lattice-best-path.cc:99) For utterance jackson_4_2, best cost 62.3927 + 4805.62 = 4868.01 over 46 frames.
jackson_4_2 two 
LOG (lattice-best-path[5.5.846~1-a7c42]:main():lattice-best-path.cc:99) For utterance jackson_4_3, best cost 72.2127 + 4180.23 = 4252.44 over 43 frames.
jackson_4_3 three 
LOG (lattice-best-path[5.5.846~1-a7c42]:main():lattice-best-path.cc:99) For utterance jackson_4_4, best cost 67.3509 + 3768.17 = 3835.52 over 41 frames.
jackson_4_4 four 
LOG (lattice-best-path[5.5.846~1-a7c42]:main():lattice-best-path.cc:99) For utterance jackson_4_5, best cost 77.5009 + 4816.69 = 4894.2 over 51 frames.
jackson_4_5 five 
LOG (lattice-best-path[5.5.846~1-a7c42]:main():lattice-best-path.cc:99) For utterance jackson_4_6, best cost 69.2543 + 5845.1 = 5914.36 over 61 frames.
jackson_4_6 six 
LOG (lattice-best-path[5.5.846~1-a7c42]:main():lattice-best-path.cc:99) For utterance jackson_4_7, best cost 78.6136 + 4174.67 = 4253.28 over 40 frames.
jackson_4_7 seven 
LOG (lattice-best-path[5.5.846~1-a7c42]:main():lattice-best-path.cc:99) For utterance jackson_4_8, best cost 58.4206 + 3916.66 = 3975.08 over 39 frames.
jackson_4_8 eight 
LOG (lattice-best-path[5.5.846~1-a7c42]:main():lattice-best-path.cc:99) For utterance jackson_4_9, best cost 78.0502 + 5202.59 = 5280.64 over 56 frames.
jackson_4_9 nine 
LOG (lattice-best-path[5.5.846~1-a7c42]:main():lattice-best-path.cc:99) For utterance nicolas_2_0, best cost 68.6197 + 3021.94 = 3090.56 over 34 frames.
nicolas_2_0 zero 
LOG (lattice-best-path[5.5.846~1-a7c42]:main():lattice-best-path.cc:99) For utterance nicolas_2_1, best cost 62.8246 + 2030.39 = 2093.22 over 24 frames.
nicolas_2_1 one 
LOG (lattice-best-path[5.5.846~1-a7c42]:main():lattice-best-path.cc:99) For utterance nicolas_2_2, best cost 59.1512 + 3058.16 = 3117.31 over 34 frames.
nicolas_2_2 two 
LOG (lattice-best-path[5.5.846~1-a7c42]:main():lattice-best-path.cc:99) For utterance nicolas_2_3, best cost 58.5112 + 2013.97 = 2072.48 over 24 frames.
nicolas_2_3 three 
LOG (lattice-best-path[5.5.846~1-a7c42]:main():lattice-best-path.cc:99) For utterance nicolas_2_4, best cost 61.7728 + 2552.12 = 2613.9 over 29 frames.
nicolas_2_4 four 
LOG (lattice-best-path[5.5.846~1-a7c42]:main():lattice-best-path.cc:99) For utterance nicolas_2_5, best cost 82.7554 + 2409.69 = 2492.44 over 29 frames.
nicolas_2_5 five 
LOG (lattice-best-path[5.5.846~1-a7c42]:main():lattice-best-path.cc:99) For utterance nicolas_2_6, best cost 61.9818 + 2305.16 = 2367.14 over 24 frames.
nicolas_2_6 six 
LOG (lattice-best-path[5.5.846~1-a7c42]:main():lattice-best-path.cc:99) For utterance nicolas_2_7, best cost 67.9538 + 3831.45 = 3899.41 over 43 frames.
nicolas_2_7 seven 
LOG (lattice-best-path[5.5.846~1-a7c42]:main():lattice-best-path.cc:99) For utterance nicolas_2_8, best cost 55.9696 + 1924.75 = 1980.72 over 22 frames.
nicolas_2_8 eight 
LOG (lattice-best-path[5.5.846~1-a7c42]:main():lattice-best-path.cc:99) For utterance nicolas_2_9, best cost 64.7312 + 3368.24 = 3432.97 over 42 frames.
nicolas_2_9 nine 
LOG (lattice-best-path[5.5.846~1-a7c42]:main():lattice-best-path.cc:99) For utterance theo_1_0, best cost 64.866 + 2993.63 = 3058.5 over 33 frames.
theo_1_0 zero 
LOG (lattice-best-path[5.5.846~1-a7c42]:main():lattice-best-path.cc:99) For utterance theo_1_1, best cost 62.5269 + 1994.09 = 2056.62 over 21 frames.
theo_1_1 one 
LOG (lattice-best-path[5.5.846~1-a7c42]:main():lattice-best-path.cc:99) For utterance theo_1_2, best cost 58.4482 + 2018.99 = 2077.44 over 21 frames.
theo_1_2 two 
LOG (lattice-best-path[5.5.846~1-a7c42]:main():lattice-best-path.cc:99) For utterance theo_1_3, best cost 65.1059 + 2736.99 = 2802.09 over 26 frames.
theo_1_3 three 
LOG (lattice-best-path[5.5.846~1-a7c42]:main():lattice-best-path.cc:99) For utterance theo_1_4, best cost 63.305 + 2328.81 = 2392.11 over 23 frames.
theo_1_4 four 
LOG (lattice-best-path[5.5.846~1-a7c42]:main():lattice-best-path.cc:99) For utterance theo_1_5, best cost 60.3537 + 2310.92 = 2371.28 over 27 frames.
theo_1_5 five 
LOG (lattice-best-path[5.5.846~1-a7c42]:main():lattice-best-path.cc:99) For utterance theo_1_6, best cost 69.8177 + 4410.14 = 4479.95 over 46 frames.
theo_1_6 six 
LOG (lattice-best-path[5.5.846~1-a7c42]:main():lattice-best-path.cc:99) For utterance theo_1_7, best cost 67.7953 + 3269.97 = 3337.76 over 34 frames.
theo_1_7 seven 
LOG (lattice-best-path[5.5.846~1-a7c42]:main():lattice-best-path.cc:99) For utterance theo_1_8, best cost 63.6601 + 3044.9 = 3108.56 over 30 frames.
theo_1_8 eight 
LOG (lattice-best-path[5.5.846~1-a7c42]:main():lattice-best-path.cc:99) For utterance theo_1_9, best cost 64.428 + 2651.47 = 2715.9 over 27 frames.
theo_1_9 nine 
LOG (lattice-best-path[5.5.846~1-a7c42]:main():lattice-best-path.cc:124) Overall cost per frame is 95.8542 = 1.85314 [graph] + 94.001 [acoustic] over 1073 frames.
LOG (lattice-best-path[5.5.846~1-a7c42]:main():lattice-best-path.cc:128) Done 30 lattices, failed for 0
# Accounting: time=0 threads=1
# Ended (code 0) at Tue Dec  8 14:18:03 GMT 2020, elapsed time 0 seconds
