# lattice-best-path --lm-scale=12 --word-symbol-table=exp/mono/graph/words.txt "ark:gunzip -c exp/mono/decode/lat.*.gz|" ark,t:exp/mono/decode/scoring/12.tra 
# Started at Tue Dec  8 14:18:03 GMT 2020
#
lattice-best-path --lm-scale=12 --word-symbol-table=exp/mono/graph/words.txt 'ark:gunzip -c exp/mono/decode/lat.*.gz|' ark,t:exp/mono/decode/scoring/12.tra 
LOG (lattice-best-path[5.5.846~1-a7c42]:main():lattice-best-path.cc:99) For utterance jackson_4_0, best cost 91.9376 + 4793 = 4884.94 over 52 frames.
jackson_4_0 zero 
LOG (lattice-best-path[5.5.846~1-a7c42]:main():lattice-best-path.cc:99) For utterance jackson_4_1, best cost 94.7819 + 5084.57 = 5179.35 over 51 frames.
jackson_4_1 one 
LOG (lattice-best-path[5.5.846~1-a7c42]:main():lattice-best-path.cc:99) For utterance jackson_4_2, best cost 83.1903 + 4805.62 = 4888.81 over 46 frames.
jackson_4_2 two 
LOG (lattice-best-path[5.5.846~1-a7c42]:main():lattice-best-path.cc:99) For utterance jackson_4_3, best cost 96.2837 + 4180.23 = 4276.51 over 43 frames.
jackson_4_3 three 
LOG (lattice-best-path[5.5.846~1-a7c42]:main():lattice-best-path.cc:99) For utterance jackson_4_4, best cost 89.8012 + 3768.17 = 3857.97 over 41 frames.
jackson_4_4 four 
LOG (lattice-best-path[5.5.846~1-a7c42]:main():lattice-best-path.cc:99) For utterance jackson_4_5, best cost 103.335 + 4816.69 = 4920.03 over 51 frames.
jackson_4_5 five 
LOG (lattice-best-path[5.5.846~1-a7c42]:main():lattice-best-path.cc:99) For utterance jackson_4_6, best cost 92.3391 + 5845.1 = 5937.44 over 61 frames.
jackson_4_6 six 
LOG (lattice-best-path[5.5.846~1-a7c42]:main():lattice-best-path.cc:99) For utterance jackson_4_7, best cost 104.818 + 4174.67 = 4279.48 over 40 frames.
jackson_4_7 seven 
LOG (lattice-best-path[5.5.846~1-a7c42]:main():lattice-best-path.cc:99) For utterance jackson_4_8, best cost 77.8941 + 3916.66 = 3994.56 over 39 frames.
jackson_4_8 eight 
LOG (lattice-best-path[5.5.846~1-a7c42]:main():lattice-best-path.cc:99) For utterance jackson_4_9, best cost 104.067 + 5202.59 = 5306.66 over 56 frames.
jackson_4_9 nine 
LOG (lattice-best-path[5.5.846~1-a7c42]:main():lattice-best-path.cc:99) For utterance nicolas_2_0, best cost 91.4929 + 3021.94 = 3113.44 over 34 frames.
nicolas_2_0 zero 
LOG (lattice-best-path[5.5.846~1-a7c42]:main():lattice-best-path.cc:99) For utterance nicolas_2_1, best cost 83.7662 + 2030.39 = 2114.16 over 24 frames.
nicolas_2_1 one 
LOG (lattice-best-path[5.5.846~1-a7c42]:main():lattice-best-path.cc:99) For utterance nicolas_2_2, best cost 78.8683 + 3058.16 = 3137.03 over 34 frames.
nicolas_2_2 two 
LOG (lattice-best-path[5.5.846~1-a7c42]:main():lattice-best-path.cc:99) For utterance nicolas_2_3, best cost 78.0149 + 2013.97 = 2091.98 over 24 frames.
nicolas_2_3 three 
LOG (lattice-best-path[5.5.846~1-a7c42]:main():lattice-best-path.cc:99) For utterance nicolas_2_4, best cost 82.3637 + 2552.12 = 2634.49 over 29 frames.
nicolas_2_4 four 
LOG (lattice-best-path[5.5.846~1-a7c42]:main():lattice-best-path.cc:99) For utterance nicolas_2_5, best cost 110.341 + 2409.69 = 2520.03 over 29 frames.
nicolas_2_5 five 
LOG (lattice-best-path[5.5.846~1-a7c42]:main():lattice-best-path.cc:99) For utterance nicolas_2_6, best cost 82.6423 + 2305.16 = 2387.8 over 24 frames.
nicolas_2_6 six 
LOG (lattice-best-path[5.5.846~1-a7c42]:main():lattice-best-path.cc:99) For utterance nicolas_2_7, best cost 90.6051 + 3831.45 = 3922.06 over 43 frames.
nicolas_2_7 seven 
LOG (lattice-best-path[5.5.846~1-a7c42]:main():lattice-best-path.cc:99) For utterance nicolas_2_8, best cost 74.6262 + 1924.75 = 1999.38 over 22 frames.
nicolas_2_8 eight 
LOG (lattice-best-path[5.5.846~1-a7c42]:main():lattice-best-path.cc:99) For utterance nicolas_2_9, best cost 86.3082 + 3368.24 = 3454.55 over 42 frames.
nicolas_2_9 nine 
LOG (lattice-best-path[5.5.846~1-a7c42]:main():lattice-best-path.cc:99) For utterance theo_1_0, best cost 86.488 + 2993.63 = 3080.12 over 33 frames.
theo_1_0 zero 
LOG (lattice-best-path[5.5.846~1-a7c42]:main():lattice-best-path.cc:99) For utterance theo_1_1, best cost 83.3692 + 1994.09 = 2077.46 over 21 frames.
theo_1_1 one 
LOG (lattice-best-path[5.5.846~1-a7c42]:main():lattice-best-path.cc:99) For utterance theo_1_2, best cost 77.931 + 2018.99 = 2096.92 over 21 frames.
theo_1_2 two 
LOG (lattice-best-path[5.5.846~1-a7c42]:main():lattice-best-path.cc:99) For utterance theo_1_3, best cost 86.8079 + 2736.99 = 2823.8 over 26 frames.
theo_1_3 three 
LOG (lattice-best-path[5.5.846~1-a7c42]:main():lattice-best-path.cc:99) For utterance theo_1_4, best cost 84.4066 + 2328.81 = 2413.22 over 23 frames.
theo_1_4 four 
LOG (lattice-best-path[5.5.846~1-a7c42]:main():lattice-best-path.cc:99) For utterance theo_1_5, best cost 80.4716 + 2310.92 = 2391.39 over 27 frames.
theo_1_5 five 
LOG (lattice-best-path[5.5.846~1-a7c42]:main():lattice-best-path.cc:99) For utterance theo_1_6, best cost 93.0903 + 4410.14 = 4503.23 over 46 frames.
theo_1_6 six 
LOG (lattice-best-path[5.5.846~1-a7c42]:main():lattice-best-path.cc:99) For utterance theo_1_7, best cost 90.3937 + 3269.97 = 3360.36 over 34 frames.
theo_1_7 seven 
LOG (lattice-best-path[5.5.846~1-a7c42]:main():lattice-best-path.cc:99) For utterance theo_1_8, best cost 84.8802 + 3044.9 = 3129.78 over 30 frames.
theo_1_8 eight 
LOG (lattice-best-path[5.5.846~1-a7c42]:main():lattice-best-path.cc:99) For utterance theo_1_9, best cost 85.9041 + 2651.47 = 2737.38 over 27 frames.
theo_1_9 nine 
LOG (lattice-best-path[5.5.846~1-a7c42]:main():lattice-best-path.cc:124) Overall cost per frame is 96.4719 = 2.47085 [graph] + 94.001 [acoustic] over 1073 frames.
LOG (lattice-best-path[5.5.846~1-a7c42]:main():lattice-best-path.cc:128) Done 30 lattices, failed for 0
# Accounting: time=0 threads=1
# Ended (code 0) at Tue Dec  8 14:18:03 GMT 2020, elapsed time 0 seconds
