# gmm-latgen-faster --max-active=7000 --beam=13.0 --lattice-beam=6.0 --acoustic-scale=0.083333 --allow-partial=true --word-symbol-table=exp/tri1/graph/words.txt exp/tri1/final.mdl exp/tri1/graph/HCLG.fst "ark,s,cs:apply-cmvn  --utt2spk=ark:data/test/split1/1/utt2spk scp:data/test/split1/1/cmvn.scp scp:data/test/split1/1/feats.scp ark:- | add-deltas  ark:- ark:- |" "ark:|gzip -c > exp/tri1/decode/lat.1.gz" 
# Started at Tue Dec  8 14:18:07 GMT 2020
#
gmm-latgen-faster --max-active=7000 --beam=13.0 --lattice-beam=6.0 --acoustic-scale=0.083333 --allow-partial=true --word-symbol-table=exp/tri1/graph/words.txt exp/tri1/final.mdl exp/tri1/graph/HCLG.fst 'ark,s,cs:apply-cmvn  --utt2spk=ark:data/test/split1/1/utt2spk scp:data/test/split1/1/cmvn.scp scp:data/test/split1/1/feats.scp ark:- | add-deltas  ark:- ark:- |' 'ark:|gzip -c > exp/tri1/decode/lat.1.gz' 
apply-cmvn --utt2spk=ark:data/test/split1/1/utt2spk scp:data/test/split1/1/cmvn.scp scp:data/test/split1/1/feats.scp ark:- 
add-deltas ark:- ark:- 
LOG (apply-cmvn[5.5.846~1-a7c42]:main():apply-cmvn.cc:162) Applied cepstral mean normalization to 30 utterances, errors on 0
jackson_4_0 zero 
LOG (gmm-latgen-faster[5.5.846~1-a7c42]:DecodeUtteranceLatticeFaster():decoder-wrappers.cc:375) Log-like per frame for utterance jackson_4_0 is -7.80248 over 52 frames.
jackson_4_1 one 
LOG (gmm-latgen-faster[5.5.846~1-a7c42]:DecodeUtteranceLatticeFaster():decoder-wrappers.cc:375) Log-like per frame for utterance jackson_4_1 is -8.67198 over 51 frames.
jackson_4_2 two 
LOG (gmm-latgen-faster[5.5.846~1-a7c42]:DecodeUtteranceLatticeFaster():decoder-wrappers.cc:375) Log-like per frame for utterance jackson_4_2 is -8.78607 over 46 frames.
jackson_4_3 three eight 
LOG (gmm-latgen-faster[5.5.846~1-a7c42]:DecodeUtteranceLatticeFaster():decoder-wrappers.cc:375) Log-like per frame for utterance jackson_4_3 is -8.50735 over 43 frames.
jackson_4_4 four 
LOG (gmm-latgen-faster[5.5.846~1-a7c42]:DecodeUtteranceLatticeFaster():decoder-wrappers.cc:375) Log-like per frame for utterance jackson_4_4 is -7.94831 over 41 frames.
jackson_4_5 five 
LOG (gmm-latgen-faster[5.5.846~1-a7c42]:DecodeUtteranceLatticeFaster():decoder-wrappers.cc:375) Log-like per frame for utterance jackson_4_5 is -8.00418 over 51 frames.
jackson_4_6 six 
LOG (gmm-latgen-faster[5.5.846~1-a7c42]:DecodeUtteranceLatticeFaster():decoder-wrappers.cc:375) Log-like per frame for utterance jackson_4_6 is -8.16114 over 61 frames.
jackson_4_7 seven 
LOG (gmm-latgen-faster[5.5.846~1-a7c42]:DecodeUtteranceLatticeFaster():decoder-wrappers.cc:375) Log-like per frame for utterance jackson_4_7 is -9.19089 over 40 frames.
jackson_4_8 eight 
LOG (gmm-latgen-faster[5.5.846~1-a7c42]:DecodeUtteranceLatticeFaster():decoder-wrappers.cc:375) Log-like per frame for utterance jackson_4_8 is -8.28557 over 39 frames.
jackson_4_9 nine 
LOG (gmm-latgen-faster[5.5.846~1-a7c42]:DecodeUtteranceLatticeFaster():decoder-wrappers.cc:375) Log-like per frame for utterance jackson_4_9 is -7.90922 over 56 frames.
nicolas_2_0 zero 
LOG (gmm-latgen-faster[5.5.846~1-a7c42]:DecodeUtteranceLatticeFaster():decoder-wrappers.cc:375) Log-like per frame for utterance nicolas_2_0 is -7.62886 over 34 frames.
nicolas_2_1 one 
LOG (gmm-latgen-faster[5.5.846~1-a7c42]:DecodeUtteranceLatticeFaster():decoder-wrappers.cc:375) Log-like per frame for utterance nicolas_2_1 is -7.22449 over 24 frames.
nicolas_2_2 two 
LOG (gmm-latgen-faster[5.5.846~1-a7c42]:DecodeUtteranceLatticeFaster():decoder-wrappers.cc:375) Log-like per frame for utterance nicolas_2_2 is -7.76108 over 34 frames.
nicolas_2_3 three 
LOG (gmm-latgen-faster[5.5.846~1-a7c42]:DecodeUtteranceLatticeFaster():decoder-wrappers.cc:375) Log-like per frame for utterance nicolas_2_3 is -7.21891 over 24 frames.
nicolas_2_4 four 
LOG (gmm-latgen-faster[5.5.846~1-a7c42]:DecodeUtteranceLatticeFaster():decoder-wrappers.cc:375) Log-like per frame for utterance nicolas_2_4 is -7.30713 over 29 frames.
nicolas_2_5 five 
LOG (gmm-latgen-faster[5.5.846~1-a7c42]:DecodeUtteranceLatticeFaster():decoder-wrappers.cc:375) Log-like per frame for utterance nicolas_2_5 is -7.13544 over 29 frames.
nicolas_2_6 six 
LOG (gmm-latgen-faster[5.5.846~1-a7c42]:DecodeUtteranceLatticeFaster():decoder-wrappers.cc:375) Log-like per frame for utterance nicolas_2_6 is -8.23873 over 24 frames.
nicolas_2_7 seven 
LOG (gmm-latgen-faster[5.5.846~1-a7c42]:DecodeUtteranceLatticeFaster():decoder-wrappers.cc:375) Log-like per frame for utterance nicolas_2_7 is -7.51398 over 43 frames.
nicolas_2_8 eight 
LOG (gmm-latgen-faster[5.5.846~1-a7c42]:DecodeUtteranceLatticeFaster():decoder-wrappers.cc:375) Log-like per frame for utterance nicolas_2_8 is -7.66695 over 22 frames.
nicolas_2_9 nine 
LOG (gmm-latgen-faster[5.5.846~1-a7c42]:DecodeUtteranceLatticeFaster():decoder-wrappers.cc:375) Log-like per frame for utterance nicolas_2_9 is -6.8253 over 42 frames.
theo_1_0 zero 
LOG (gmm-latgen-faster[5.5.846~1-a7c42]:DecodeUtteranceLatticeFaster():decoder-wrappers.cc:375) Log-like per frame for utterance theo_1_0 is -7.59075 over 33 frames.
theo_1_1 one 
LOG (gmm-latgen-faster[5.5.846~1-a7c42]:DecodeUtteranceLatticeFaster():decoder-wrappers.cc:375) Log-like per frame for utterance theo_1_1 is -8.18825 over 21 frames.
theo_1_2 two 
LOG (gmm-latgen-faster[5.5.846~1-a7c42]:DecodeUtteranceLatticeFaster():decoder-wrappers.cc:375) Log-like per frame for utterance theo_1_2 is -8.41559 over 21 frames.
theo_1_3 three 
LOG (gmm-latgen-faster[5.5.846~1-a7c42]:DecodeUtteranceLatticeFaster():decoder-wrappers.cc:375) Log-like per frame for utterance theo_1_3 is -8.88519 over 26 frames.
theo_1_4 four 
LOG (gmm-latgen-faster[5.5.846~1-a7c42]:DecodeUtteranceLatticeFaster():decoder-wrappers.cc:375) Log-like per frame for utterance theo_1_4 is -8.83331 over 23 frames.
theo_1_5 five 
LOG (gmm-latgen-faster[5.5.846~1-a7c42]:DecodeUtteranceLatticeFaster():decoder-wrappers.cc:375) Log-like per frame for utterance theo_1_5 is -7.68096 over 27 frames.
theo_1_6 six 
LOG (gmm-latgen-faster[5.5.846~1-a7c42]:DecodeUtteranceLatticeFaster():decoder-wrappers.cc:375) Log-like per frame for utterance theo_1_6 is -8.10666 over 46 frames.
theo_1_7 seven 
LOG (gmm-latgen-faster[5.5.846~1-a7c42]:DecodeUtteranceLatticeFaster():decoder-wrappers.cc:375) Log-like per frame for utterance theo_1_7 is -8.26964 over 34 frames.
theo_1_8 eight 
LOG (gmm-latgen-faster[5.5.846~1-a7c42]:DecodeUtteranceLatticeFaster():decoder-wrappers.cc:375) Log-like per frame for utterance theo_1_8 is -8.48521 over 30 frames.
theo_1_9 nine 
LOG (gmm-latgen-faster[5.5.846~1-a7c42]:DecodeUtteranceLatticeFaster():decoder-wrappers.cc:375) Log-like per frame for utterance theo_1_9 is -8.52819 over 27 frames.
LOG (gmm-latgen-faster[5.5.846~1-a7c42]:main():gmm-latgen-faster.cc:176) Time taken 0.045584s: real-time factor assuming 100 frames/sec is 0.00424827
LOG (gmm-latgen-faster[5.5.846~1-a7c42]:main():gmm-latgen-faster.cc:179) Done 30 utterances, failed for 0
LOG (gmm-latgen-faster[5.5.846~1-a7c42]:main():gmm-latgen-faster.cc:181) Overall log-likelihood per frame is -8.04112 over 1073 frames.
# Accounting: time=0 threads=1
# Ended (code 0) at Tue Dec  8 14:18:07 GMT 2020, elapsed time 0 seconds
