# lattice-depth-per-frame "ark:gunzip -c exp/tri1/decode/lat.1.gz|" "ark,t:|gzip -c > exp/tri1/decode/depth_tmp.1.gz" ark:- | lattice-best-path --acoustic-scale=0.1 ark:- ark:/dev/null "ark,t:|gzip -c >exp/tri1/decode/ali_tmp.1.gz" 
# Started at Tue Dec  8 14:18:07 GMT 2020
#
lattice-depth-per-frame 'ark:gunzip -c exp/tri1/decode/lat.1.gz|' 'ark,t:|gzip -c > exp/tri1/decode/depth_tmp.1.gz' ark:- 
lattice-best-path --acoustic-scale=0.1 ark:- ark:/dev/null 'ark,t:|gzip -c >exp/tri1/decode/ali_tmp.1.gz' 
LOG (lattice-depth-per-frame[5.5.846~1-a7c42]:main():lattice-depth-per-frame.cc:82) Done 30 lattices.
LOG (lattice-best-path[5.5.846~1-a7c42]:main():lattice-best-path.cc:99) For utterance jackson_4_0, best cost 7.14398 + 478.304 = 485.448 over 52 frames.
LOG (lattice-best-path[5.5.846~1-a7c42]:main():lattice-best-path.cc:99) For utterance jackson_4_1, best cost 7.16217 + 522.133 = 529.295 over 51 frames.
LOG (lattice-best-path[5.5.846~1-a7c42]:main():lattice-best-path.cc:99) For utterance jackson_4_2, best cost 6.77079 + 476.868 = 483.639 over 46 frames.
LOG (lattice-best-path[5.5.846~1-a7c42]:main():lattice-best-path.cc:99) For utterance jackson_4_3, best cost 11.2384 + 425.495 = 436.733 over 43 frames.
LOG (lattice-best-path[5.5.846~1-a7c42]:main():lattice-best-path.cc:99) For utterance jackson_4_4, best cost 6.88453 + 382.797 = 389.681 over 41 frames.
LOG (lattice-best-path[5.5.846~1-a7c42]:main():lattice-best-path.cc:99) For utterance jackson_4_5, best cost 7.38856 + 480.991 = 488.38 over 51 frames.
LOG (lattice-best-path[5.5.846~1-a7c42]:main():lattice-best-path.cc:99) For utterance jackson_4_6, best cost 7.39879 + 588.519 = 595.918 over 61 frames.
LOG (lattice-best-path[5.5.846~1-a7c42]:main():lattice-best-path.cc:99) For utterance jackson_4_7, best cost 7.2554 + 432.458 = 439.714 over 40 frames.
LOG (lattice-best-path[5.5.846~1-a7c42]:main():lattice-best-path.cc:99) For utterance jackson_4_8, best cost 6.38669 + 380.102 = 386.489 over 39 frames.
LOG (lattice-best-path[5.5.846~1-a7c42]:main():lattice-best-path.cc:99) For utterance jackson_4_9, best cost 7.32704 + 522.709 = 530.036 over 56 frames.
LOG (lattice-best-path[5.5.846~1-a7c42]:main():lattice-best-path.cc:99) For utterance nicolas_2_0, best cost 6.69015 + 303.23 = 309.921 over 34 frames.
LOG (lattice-best-path[5.5.846~1-a7c42]:main():lattice-best-path.cc:99) For utterance nicolas_2_1, best cost 6.50377 + 200.262 = 206.765 over 24 frames.
LOG (lattice-best-path[5.5.846~1-a7c42]:main():lattice-best-path.cc:99) For utterance nicolas_2_2, best cost 6.54073 + 308.804 = 315.345 over 34 frames.
LOG (lattice-best-path[5.5.846~1-a7c42]:main():lattice-best-path.cc:99) For utterance nicolas_2_3, best cost 6.59329 + 199.993 = 206.587 over 24 frames.
LOG (lattice-best-path[5.5.846~1-a7c42]:main():lattice-best-path.cc:99) For utterance nicolas_2_4, best cost 6.20754 + 246.84 = 253.048 over 29 frames.
LOG (lattice-best-path[5.5.846~1-a7c42]:main():lattice-best-path.cc:99) For utterance nicolas_2_5, best cost 6.63652 + 240.35 = 246.987 over 29 frames.
LOG (lattice-best-path[5.5.846~1-a7c42]:main():lattice-best-path.cc:99) For utterance nicolas_2_6, best cost 6.65255 + 229.293 = 235.946 over 24 frames.
LOG (lattice-best-path[5.5.846~1-a7c42]:main():lattice-best-path.cc:99) For utterance nicolas_2_7, best cost 7.03134 + 379.285 = 386.317 over 43 frames.
LOG (lattice-best-path[5.5.846~1-a7c42]:main():lattice-best-path.cc:99) For utterance nicolas_2_8, best cost 6.13622 + 195.045 = 201.181 over 22 frames.
LOG (lattice-best-path[5.5.846~1-a7c42]:main():lattice-best-path.cc:99) For utterance nicolas_2_9, best cost 6.66045 + 336.004 = 342.664 over 42 frames.
LOG (lattice-best-path[5.5.846~1-a7c42]:main():lattice-best-path.cc:99) For utterance theo_1_0, best cost 6.75627 + 292.487 = 299.244 over 33 frames.
LOG (lattice-best-path[5.5.846~1-a7c42]:main():lattice-best-path.cc:99) For utterance theo_1_1, best cost 6.46483 + 198.587 = 205.052 over 21 frames.
LOG (lattice-best-path[5.5.846~1-a7c42]:main():lattice-best-path.cc:99) For utterance theo_1_2, best cost 6.45073 + 204.333 = 210.783 over 21 frames.
LOG (lattice-best-path[5.5.846~1-a7c42]:main():lattice-best-path.cc:99) For utterance theo_1_3, best cost 6.77319 + 269.091 = 275.865 over 26 frames.
LOG (lattice-best-path[5.5.846~1-a7c42]:main():lattice-best-path.cc:99) For utterance theo_1_4, best cost 6.21568 + 236.341 = 242.557 over 23 frames.
LOG (lattice-best-path[5.5.846~1-a7c42]:main():lattice-best-path.cc:99) For utterance theo_1_5, best cost 6.23985 + 241.376 = 247.616 over 27 frames.
LOG (lattice-best-path[5.5.846~1-a7c42]:main():lattice-best-path.cc:99) For utterance theo_1_6, best cost 7.72809 + 438.216 = 445.944 over 46 frames.
LOG (lattice-best-path[5.5.846~1-a7c42]:main():lattice-best-path.cc:99) For utterance theo_1_7, best cost 6.76833 + 329.281 = 336.049 over 34 frames.
LOG (lattice-best-path[5.5.846~1-a7c42]:main():lattice-best-path.cc:99) For utterance theo_1_8, best cost 6.71654 + 297.409 = 304.125 over 30 frames.
LOG (lattice-best-path[5.5.846~1-a7c42]:main():lattice-best-path.cc:99) For utterance theo_1_9, best cost 6.44277 + 268.583 = 275.026 over 27 frames.
LOG (lattice-best-path[5.5.846~1-a7c42]:main():lattice-best-path.cc:124) Overall cost per frame is 9.61077 = 0.193071 [graph] + 9.4177 [acoustic] over 1073 frames.
LOG (lattice-best-path[5.5.846~1-a7c42]:main():lattice-best-path.cc:128) Done 30 lattices, failed for 0
# Accounting: time=0 threads=1
# Ended (code 0) at Tue Dec  8 14:18:07 GMT 2020, elapsed time 0 seconds
