# build-tree --verbose=1 --max-leaves=2000 --cluster-thresh=-1 exp/tri1/treeacc data/lang/phones/roots.int exp/tri1/questions.qst data/lang/topo exp/tri1/tree 
# Started at Tue Dec  8 14:18:04 GMT 2020
#
build-tree --verbose=1 --max-leaves=2000 --cluster-thresh=-1 exp/tri1/treeacc data/lang/phones/roots.int exp/tri1/questions.qst data/lang/topo exp/tri1/tree 
LOG (build-tree[5.5.846~1-a7c42]:main():build-tree.cc:104) Number of separate statistics is 140
LOG (build-tree[5.5.846~1-a7c42]:BuildTree():build-tree.cc:161) BuildTree: before building trees, map has 22 leaves.
LOG (build-tree[5.5.846~1-a7c42]:SplitDecisionTree():build-tree-utils.cc:577) DoDecisionTreeSplit: split 36 times, #leaves now 58
LOG (build-tree[5.5.846~1-a7c42]:BuildTree():build-tree.cc:187) Setting clustering threshold to smallest split 312.859
VLOG[1] (build-tree[5.5.846~1-a7c42]:BuildTree():build-tree.cc:196) After decision tree split, num-leaves = 58, like-impr = 4.332 per frame over 4485 frames.
VLOG[1] (build-tree[5.5.846~1-a7c42]:BuildTree():build-tree.cc:200) Including just phones that were split, improvement is 4.332 per frame over 4485 frames.
LOG (build-tree[5.5.846~1-a7c42]:BuildTree():build-tree.cc:215) BuildTree: removed 3 leaves.
VLOG[1] (build-tree[5.5.846~1-a7c42]:ClusterEventMapToNClustersRestrictedByMap():build-tree-utils.cc:914) Number of non-empty clusters in map = 21
VLOG[1] (build-tree[5.5.846~1-a7c42]:ClusterEventMapToNClustersRestrictedByMap():build-tree-utils.cc:915) Number of non-empty clusters = 54
LOG (build-tree[5.5.846~1-a7c42]:BuildTree():build-tree.cc:231) BuildTree: Rounded num leaves to multiple of 8 by removing 7 leaves.
VLOG[1] (build-tree[5.5.846~1-a7c42]:BuildTree():build-tree.cc:256) Objf change due to clustering -0.718095 per frame.
VLOG[1] (build-tree[5.5.846~1-a7c42]:BuildTree():build-tree.cc:259) Normalizing over only split phones, this is: -0.718095 per frame.
VLOG[1] (build-tree[5.5.846~1-a7c42]:BuildTree():build-tree.cc:262) Num-leaves is now 48
VLOG[1] (build-tree[5.5.846~1-a7c42]:main():build-tree.cc:143) For pdf-id 0, low count 31
VLOG[1] (build-tree[5.5.846~1-a7c42]:main():build-tree.cc:143) For pdf-id 1, low count 0
VLOG[1] (build-tree[5.5.846~1-a7c42]:main():build-tree.cc:143) For pdf-id 3, low count 48
VLOG[1] (build-tree[5.5.846~1-a7c42]:main():build-tree.cc:143) For pdf-id 8, low count 76
VLOG[1] (build-tree[5.5.846~1-a7c42]:main():build-tree.cc:143) For pdf-id 9, low count 58
VLOG[1] (build-tree[5.5.846~1-a7c42]:main():build-tree.cc:143) For pdf-id 11, low count 99
VLOG[1] (build-tree[5.5.846~1-a7c42]:main():build-tree.cc:143) For pdf-id 13, low count 76
VLOG[1] (build-tree[5.5.846~1-a7c42]:main():build-tree.cc:143) For pdf-id 14, low count 74
VLOG[1] (build-tree[5.5.846~1-a7c42]:main():build-tree.cc:143) For pdf-id 17, low count 53
VLOG[1] (build-tree[5.5.846~1-a7c42]:main():build-tree.cc:143) For pdf-id 18, low count 63
VLOG[1] (build-tree[5.5.846~1-a7c42]:main():build-tree.cc:143) For pdf-id 19, low count 88
VLOG[1] (build-tree[5.5.846~1-a7c42]:main():build-tree.cc:143) For pdf-id 21, low count 96
VLOG[1] (build-tree[5.5.846~1-a7c42]:main():build-tree.cc:143) For pdf-id 22, low count 95
VLOG[1] (build-tree[5.5.846~1-a7c42]:main():build-tree.cc:143) For pdf-id 23, low count 76
VLOG[1] (build-tree[5.5.846~1-a7c42]:main():build-tree.cc:143) For pdf-id 25, low count 41
VLOG[1] (build-tree[5.5.846~1-a7c42]:main():build-tree.cc:143) For pdf-id 26, low count 84
VLOG[1] (build-tree[5.5.846~1-a7c42]:main():build-tree.cc:143) For pdf-id 30, low count 77
VLOG[1] (build-tree[5.5.846~1-a7c42]:main():build-tree.cc:143) For pdf-id 31, low count 83
VLOG[1] (build-tree[5.5.846~1-a7c42]:main():build-tree.cc:143) For pdf-id 32, low count 77
VLOG[1] (build-tree[5.5.846~1-a7c42]:main():build-tree.cc:143) For pdf-id 35, low count 38
VLOG[1] (build-tree[5.5.846~1-a7c42]:main():build-tree.cc:143) For pdf-id 37, low count 85
VLOG[1] (build-tree[5.5.846~1-a7c42]:main():build-tree.cc:143) For pdf-id 38, low count 79
VLOG[1] (build-tree[5.5.846~1-a7c42]:main():build-tree.cc:143) For pdf-id 40, low count 77
VLOG[1] (build-tree[5.5.846~1-a7c42]:main():build-tree.cc:143) For pdf-id 41, low count 84
VLOG[1] (build-tree[5.5.846~1-a7c42]:main():build-tree.cc:143) For pdf-id 42, low count 36
VLOG[1] (build-tree[5.5.846~1-a7c42]:main():build-tree.cc:143) For pdf-id 43, low count 67
VLOG[1] (build-tree[5.5.846~1-a7c42]:main():build-tree.cc:143) For pdf-id 44, low count 29
VLOG[1] (build-tree[5.5.846~1-a7c42]:main():build-tree.cc:143) For pdf-id 46, low count 27
WARNING (build-tree[5.5.846~1-a7c42]:main():build-tree.cc:185) Saw no stats for following phones: 2 3 4 5 6 7 8 9 10 11 12 14 15 16 18 19 20 22 23 24 26 28 29 30 32 33 34 36 37 38 39 40 42 43 46 47 48 50 53 54 55 57 58 59 62 65 66 69 70 72 73 74 75 77 78 79 80 82 83 86 88 89 90 
LOG (build-tree[5.5.846~1-a7c42]:main():build-tree.cc:189) Wrote tree
# Accounting: time=0 threads=1
# Ended (code 0) at Tue Dec  8 14:18:04 GMT 2020, elapsed time 0 seconds
