# gmm-est --write-occs=exp/mono/10.occs --mix-up=318 --power=0.25 exp/mono/9.mdl "gmm-sum-accs - exp/mono/9.*.acc|" exp/mono/10.mdl 
# Started at Tue Dec  8 14:18:00 GMT 2020
#
gmm-est --write-occs=exp/mono/10.occs --mix-up=318 --power=0.25 exp/mono/9.mdl 'gmm-sum-accs - exp/mono/9.*.acc|' exp/mono/10.mdl 
gmm-sum-accs - exp/mono/9.1.acc 
LOG (gmm-sum-accs[5.5.846~1-a7c42]:main():gmm-sum-accs.cc:63) Summed 1 stats, total count 4485, avg like/frame -86.67
LOG (gmm-sum-accs[5.5.846~1-a7c42]:main():gmm-sum-accs.cc:66) Total count of stats is 4485
LOG (gmm-sum-accs[5.5.846~1-a7c42]:main():gmm-sum-accs.cc:67) Written stats to -
LOG (gmm-est[5.5.846~1-a7c42]:MleUpdate():transition-model.cc:528) TransitionModel::Update, objf change is 0.000423128 per frame over 4485 frames. 
LOG (gmm-est[5.5.846~1-a7c42]:MleUpdate():transition-model.cc:531) 10 probabilities floored, 207 out of 290 transition-states skipped due to insuffient data (it is normal to have some skipped.)
LOG (gmm-est[5.5.846~1-a7c42]:main():gmm-est.cc:102) Transition model update: Overall 0.000423128 log-like improvement per frame over 4485 frames.
WARNING (gmm-est[5.5.846~1-a7c42]:MleDiagGmmUpdate():mle-diag-gmm.cc:365) Gaussian has too little data but not removing it because it is the last Gaussian: i = 0, occ = 0, weight = 1
WARNING (gmm-est[5.5.846~1-a7c42]:MleDiagGmmUpdate():mle-diag-gmm.cc:365) Gaussian has too little data but not removing it because it is the last Gaussian: i = 0, occ = 0, weight = 1
WARNING (gmm-est[5.5.846~1-a7c42]:MleDiagGmmUpdate():mle-diag-gmm.cc:365) Gaussian has too little data but not removing it because it is the last Gaussian: i = 0, occ = 0, weight = 1
WARNING (gmm-est[5.5.846~1-a7c42]:MleDiagGmmUpdate():mle-diag-gmm.cc:365) Gaussian has too little data but not removing it because it is the last Gaussian: i = 0, occ = 0, weight = 1
WARNING (gmm-est[5.5.846~1-a7c42]:MleDiagGmmUpdate():mle-diag-gmm.cc:365) Gaussian has too little data but not removing it because it is the last Gaussian: i = 0, occ = 0, weight = 1
WARNING (gmm-est[5.5.846~1-a7c42]:MleDiagGmmUpdate():mle-diag-gmm.cc:359) Too little data - removing Gaussian (weight 0.063810, occupation count 8.805752, vector size 39)
LOG (gmm-est[5.5.846~1-a7c42]:MleAmDiagGmmUpdate():mle-am-diag-gmm.cc:225) 0 variance elements floored in 0 Gaussians, out of 201
LOG (gmm-est[5.5.846~1-a7c42]:MleAmDiagGmmUpdate():mle-am-diag-gmm.cc:229) Removed 1 Gaussians due to counts < --min-gaussian-occupancy=10 and --remove-low-count-gaussians=true
LOG (gmm-est[5.5.846~1-a7c42]:main():gmm-est.cc:113) GMM update: Overall 0.367685 objective function improvement per frame over 4485 frames
LOG (gmm-est[5.5.846~1-a7c42]:main():gmm-est.cc:116) GMM update: Overall avg like per frame = -86.67 over 4485 frames.
WARNING (gmm-est[5.5.846~1-a7c42]:GetSplitTargets():model-common.cc:134) Could not split up to 318 due to min-count = 20 (or no counts at all)

LOG (gmm-est[5.5.846~1-a7c42]:SplitByCount():am-diag-gmm.cc:116) Split 70 states with target = 318, power = 0.25, perturb_factor = 0.01 and min_count = 20, split #Gauss from 201 to 203
LOG (gmm-est[5.5.846~1-a7c42]:main():gmm-est.cc:146) Written model to exp/mono/10.mdl
# Accounting: time=0 threads=1
# Ended (code 0) at Tue Dec  8 14:18:00 GMT 2020, elapsed time 0 seconds
