# compute-mfcc-feats --write-utt2dur=ark,t:data/train/log/utt2dur.4 --verbose=2 --config=conf/mfcc.conf scp,p:data/train/log/wav_train.4.scp ark:- | copy-feats --write-num-frames=ark,t:data/train/log/utt2num_frames.4 --compress=true ark:- ark,scp:/home/peter/Documents/kaldi/egs/digits/data/train/data/raw_mfcc_train.4.ark,/home/peter/Documents/kaldi/egs/digits/data/train/data/raw_mfcc_train.4.scp 
# Started at Tue Dec  8 12:41:37 GMT 2020
#
compute-mfcc-feats --write-utt2dur=ark,t:data/train/log/utt2dur.4 --verbose=2 --config=conf/mfcc.conf scp,p:data/train/log/wav_train.4.scp ark:- 
ERROR (compute-mfcc-feats[5.5.846~1-a7c42]:ComputeFeatures():feat/feature-common-inl.h:47) Waveform and config sample Frequency mismatch: 8000 .vs 16000 (use --allow-upsample=true option to allow  upsampling the waveform).

[ Stack-Trace: ]
/home/peter/Documents/kaldi/src/lib/libkaldi-base.so(kaldi::MessageLogger::LogMessage() const+0x793) [0x7fc6484a1183]
compute-mfcc-feats(kaldi::MessageLogger::LogAndThrow::operator=(kaldi::MessageLogger const&)+0x25) [0x55dd9f4c3bc5]
compute-mfcc-feats(kaldi::OfflineFeatureTpl<kaldi::MfccComputer>::ComputeFeatures(kaldi::VectorBase<float> const&, float, float, kaldi::Matrix<float>*)+0x25c) [0x55dd9f4d0efa]
compute-mfcc-feats(main+0xbc7) [0x55dd9f4c1bb0]
/lib/x86_64-linux-gnu/libc.so.6(__libc_start_main+0xf3) [0x7fc64809a0b3]
compute-mfcc-feats(_start+0x2e) [0x55dd9f4c0f2e]

WARNING (compute-mfcc-feats[5.5.846~1-a7c42]:main():compute-mfcc-feats.cc:151) Failed to compute features for utterance theo_2_0
ERROR (compute-mfcc-feats[5.5.846~1-a7c42]:ComputeFeatures():feat/feature-common-inl.h:47) Waveform and config sample Frequency mismatch: 8000 .vs 16000 (use --allow-upsample=true option to allow  upsampling the waveform).

[ Stack-Trace: ]
/home/peter/Documents/kaldi/src/lib/libkaldi-base.so(kaldi::MessageLogger::LogMessage() const+0x793) [0x7fc6484a1183]
compute-mfcc-feats(kaldi::MessageLogger::LogAndThrow::operator=(kaldi::MessageLogger const&)+0x25) [0x55dd9f4c3bc5]
compute-mfcc-feats(kaldi::OfflineFeatureTpl<kaldi::MfccComputer>::ComputeFeatures(kaldi::VectorBase<float> const&, float, float, kaldi::Matrix<float>*)+0x25c) [0x55dd9f4d0efa]
compute-mfcc-feats(main+0xbc7) [0x55dd9f4c1bb0]
/lib/x86_64-linux-gnu/libc.so.6(__libc_start_main+0xf3) [0x7fc64809a0b3]
compute-mfcc-feats(_start+0x2e) [0x55dd9f4c0f2e]

copy-feats --write-num-frames=ark,t:data/train/log/utt2num_frames.4 --compress=true ark:- ark,scp:/home/peter/Documents/kaldi/egs/digits/data/train/data/raw_mfcc_train.4.ark,/home/peter/Documents/kaldi/egs/digits/data/train/data/raw_mfcc_train.4.scp 
WARNING (compute-mfcc-feats[5.5.846~1-a7c42]:main():compute-mfcc-feats.cc:151) Failed to compute features for utterance theo_2_1
ERROR (compute-mfcc-feats[5.5.846~1-a7c42]:ComputeFeatures():feat/feature-common-inl.h:47) Waveform and config sample Frequency mismatch: 8000 .vs 16000 (use --allow-upsample=true option to allow  upsampling the waveform).

[ Stack-Trace: ]
/home/peter/Documents/kaldi/src/lib/libkaldi-base.so(kaldi::MessageLogger::LogMessage() const+0x793) [0x7fc6484a1183]
compute-mfcc-feats(kaldi::MessageLogger::LogAndThrow::operator=(kaldi::MessageLogger const&)+0x25) [0x55dd9f4c3bc5]
compute-mfcc-feats(kaldi::OfflineFeatureTpl<kaldi::MfccComputer>::ComputeFeatures(kaldi::VectorBase<float> const&, float, float, kaldi::Matrix<float>*)+0x25c) [0x55dd9f4d0efa]
compute-mfcc-feats(main+0xbc7) [0x55dd9f4c1bb0]
/lib/x86_64-linux-gnu/libc.so.6(__libc_start_main+0xf3) [0x7fc64809a0b3]
compute-mfcc-feats(_start+0x2e) [0x55dd9f4c0f2e]

WARNING (compute-mfcc-feats[5.5.846~1-a7c42]:main():compute-mfcc-feats.cc:151) Failed to compute features for utterance theo_2_2
ERROR (compute-mfcc-feats[5.5.846~1-a7c42]:ComputeFeatures():feat/feature-common-inl.h:47) Waveform and config sample Frequency mismatch: 8000 .vs 16000 (use --allow-upsample=true option to allow  upsampling the waveform).

[ Stack-Trace: ]
/home/peter/Documents/kaldi/src/lib/libkaldi-base.so(kaldi::MessageLogger::LogMessage() const+0x793) [0x7fc6484a1183]
compute-mfcc-feats(kaldi::MessageLogger::LogAndThrow::operator=(kaldi::MessageLogger const&)+0x25) [0x55dd9f4c3bc5]
compute-mfcc-feats(kaldi::OfflineFeatureTpl<kaldi::MfccComputer>::ComputeFeatures(kaldi::VectorBase<float> const&, float, float, kaldi::Matrix<float>*)+0x25c) [0x55dd9f4d0efa]
compute-mfcc-feats(main+0xbc7) [0x55dd9f4c1bb0]
/lib/x86_64-linux-gnu/libc.so.6(__libc_start_main+0xf3) [0x7fc64809a0b3]
compute-mfcc-feats(_start+0x2e) [0x55dd9f4c0f2e]

WARNING (compute-mfcc-feats[5.5.846~1-a7c42]:main():compute-mfcc-feats.cc:151) Failed to compute features for utterance theo_2_3
ERROR (compute-mfcc-feats[5.5.846~1-a7c42]:ComputeFeatures():feat/feature-common-inl.h:47) Waveform and config sample Frequency mismatch: 8000 .vs 16000 (use --allow-upsample=true option to allow  upsampling the waveform).

[ Stack-Trace: ]
/home/peter/Documents/kaldi/src/lib/libkaldi-base.so(kaldi::MessageLogger::LogMessage() const+0x793) [0x7fc6484a1183]
compute-mfcc-feats(kaldi::MessageLogger::LogAndThrow::operator=(kaldi::MessageLogger const&)+0x25) [0x55dd9f4c3bc5]
compute-mfcc-feats(kaldi::OfflineFeatureTpl<kaldi::MfccComputer>::ComputeFeatures(kaldi::VectorBase<float> const&, float, float, kaldi::Matrix<float>*)+0x25c) [0x55dd9f4d0efa]
compute-mfcc-feats(main+0xbc7) [0x55dd9f4c1bb0]
/lib/x86_64-linux-gnu/libc.so.6(__libc_start_main+0xf3) [0x7fc64809a0b3]
compute-mfcc-feats(_start+0x2e) [0x55dd9f4c0f2e]

WARNING (compute-mfcc-feats[5.5.846~1-a7c42]:main():compute-mfcc-feats.cc:151) Failed to compute features for utterance theo_2_4
ERROR (compute-mfcc-feats[5.5.846~1-a7c42]:ComputeFeatures():feat/feature-common-inl.h:47) Waveform and config sample Frequency mismatch: 8000 .vs 16000 (use --allow-upsample=true option to allow  upsampling the waveform).

[ Stack-Trace: ]
/home/peter/Documents/kaldi/src/lib/libkaldi-base.so(kaldi::MessageLogger::LogMessage() const+0x793) [0x7fc6484a1183]
compute-mfcc-feats(kaldi::MessageLogger::LogAndThrow::operator=(kaldi::MessageLogger const&)+0x25) [0x55dd9f4c3bc5]
compute-mfcc-feats(kaldi::OfflineFeatureTpl<kaldi::MfccComputer>::ComputeFeatures(kaldi::VectorBase<float> const&, float, float, kaldi::Matrix<float>*)+0x25c) [0x55dd9f4d0efa]
compute-mfcc-feats(main+0xbc7) [0x55dd9f4c1bb0]
/lib/x86_64-linux-gnu/libc.so.6(__libc_start_main+0xf3) [0x7fc64809a0b3]
compute-mfcc-feats(_start+0x2e) [0x55dd9f4c0f2e]

WARNING (compute-mfcc-feats[5.5.846~1-a7c42]:main():compute-mfcc-feats.cc:151) Failed to compute features for utterance theo_2_5
ERROR (compute-mfcc-feats[5.5.846~1-a7c42]:ComputeFeatures():feat/feature-common-inl.h:47) Waveform and config sample Frequency mismatch: 8000 .vs 16000 (use --allow-upsample=true option to allow  upsampling the waveform).

[ Stack-Trace: ]
/home/peter/Documents/kaldi/src/lib/libkaldi-base.so(kaldi::MessageLogger::LogMessage() const+0x793) [0x7fc6484a1183]
compute-mfcc-feats(kaldi::MessageLogger::LogAndThrow::operator=(kaldi::MessageLogger const&)+0x25) [0x55dd9f4c3bc5]
compute-mfcc-feats(kaldi::OfflineFeatureTpl<kaldi::MfccComputer>::ComputeFeatures(kaldi::VectorBase<float> const&, float, float, kaldi::Matrix<float>*)+0x25c) [0x55dd9f4d0efa]
compute-mfcc-feats(main+0xbc7) [0x55dd9f4c1bb0]
/lib/x86_64-linux-gnu/libc.so.6(__libc_start_main+0xf3) [0x7fc64809a0b3]
compute-mfcc-feats(_start+0x2e) [0x55dd9f4c0f2e]

WARNING (compute-mfcc-feats[5.5.846~1-a7c42]:main():compute-mfcc-feats.cc:151) Failed to compute features for utterance theo_2_6
ERROR (compute-mfcc-feats[5.5.846~1-a7c42]:ComputeFeatures():feat/feature-common-inl.h:47) Waveform and config sample Frequency mismatch: 8000 .vs 16000 (use --allow-upsample=true option to allow  upsampling the waveform).

[ Stack-Trace: ]
/home/peter/Documents/kaldi/src/lib/libkaldi-base.so(kaldi::MessageLogger::LogMessage() const+0x793) [0x7fc6484a1183]
compute-mfcc-feats(kaldi::MessageLogger::LogAndThrow::operator=(kaldi::MessageLogger const&)+0x25) [0x55dd9f4c3bc5]
compute-mfcc-feats(kaldi::OfflineFeatureTpl<kaldi::MfccComputer>::ComputeFeatures(kaldi::VectorBase<float> const&, float, float, kaldi::Matrix<float>*)+0x25c) [0x55dd9f4d0efa]
compute-mfcc-feats(main+0xbc7) [0x55dd9f4c1bb0]
/lib/x86_64-linux-gnu/libc.so.6(__libc_start_main+0xf3) [0x7fc64809a0b3]
compute-mfcc-feats(_start+0x2e) [0x55dd9f4c0f2e]

WARNING (compute-mfcc-feats[5.5.846~1-a7c42]:main():compute-mfcc-feats.cc:151) Failed to compute features for utterance theo_2_7
ERROR (compute-mfcc-feats[5.5.846~1-a7c42]:ComputeFeatures():feat/feature-common-inl.h:47) Waveform and config sample Frequency mismatch: 8000 .vs 16000 (use --allow-upsample=true option to allow  upsampling the waveform).

[ Stack-Trace: ]
/home/peter/Documents/kaldi/src/lib/libkaldi-base.so(kaldi::MessageLogger::LogMessage() const+0x793) [0x7fc6484a1183]
compute-mfcc-feats(kaldi::MessageLogger::LogAndThrow::operator=(kaldi::MessageLogger const&)+0x25) [0x55dd9f4c3bc5]
compute-mfcc-feats(kaldi::OfflineFeatureTpl<kaldi::MfccComputer>::ComputeFeatures(kaldi::VectorBase<float> const&, float, float, kaldi::Matrix<float>*)+0x25c) [0x55dd9f4d0efa]
compute-mfcc-feats(main+0xbc7) [0x55dd9f4c1bb0]
/lib/x86_64-linux-gnu/libc.so.6(__libc_start_main+0xf3) [0x7fc64809a0b3]
compute-mfcc-feats(_start+0x2e) [0x55dd9f4c0f2e]

WARNING (compute-mfcc-feats[5.5.846~1-a7c42]:main():compute-mfcc-feats.cc:151) Failed to compute features for utterance theo_2_8
ERROR (compute-mfcc-feats[5.5.846~1-a7c42]:ComputeFeatures():feat/feature-common-inl.h:47) Waveform and config sample Frequency mismatch: 8000 .vs 16000 (use --allow-upsample=true option to allow  upsampling the waveform).

[ Stack-Trace: ]
/home/peter/Documents/kaldi/src/lib/libkaldi-base.so(kaldi::MessageLogger::LogMessage() const+0x793) [0x7fc6484a1183]
compute-mfcc-feats(kaldi::MessageLogger::LogAndThrow::operator=(kaldi::MessageLogger const&)+0x25) [0x55dd9f4c3bc5]
compute-mfcc-feats(kaldi::OfflineFeatureTpl<kaldi::MfccComputer>::ComputeFeatures(kaldi::VectorBase<float> const&, float, float, kaldi::Matrix<float>*)+0x25c) [0x55dd9f4d0efa]
compute-mfcc-feats(main+0xbc7) [0x55dd9f4c1bb0]
/lib/x86_64-linux-gnu/libc.so.6(__libc_start_main+0xf3) [0x7fc64809a0b3]
compute-mfcc-feats(_start+0x2e) [0x55dd9f4c0f2e]

WARNING (compute-mfcc-feats[5.5.846~1-a7c42]:main():compute-mfcc-feats.cc:151) Failed to compute features for utterance theo_2_9
ERROR (compute-mfcc-feats[5.5.846~1-a7c42]:ComputeFeatures():feat/feature-common-inl.h:47) Waveform and config sample Frequency mismatch: 8000 .vs 16000 (use --allow-upsample=true option to allow  upsampling the waveform).

[ Stack-Trace: ]
/home/peter/Documents/kaldi/src/lib/libkaldi-base.so(kaldi::MessageLogger::LogMessage() const+0x793) [0x7fc6484a1183]
compute-mfcc-feats(kaldi::MessageLogger::LogAndThrow::operator=(kaldi::MessageLogger const&)+0x25) [0x55dd9f4c3bc5]
compute-mfcc-feats(kaldi::OfflineFeatureTpl<kaldi::MfccComputer>::ComputeFeatures(kaldi::VectorBase<float> const&, float, float, kaldi::Matrix<float>*)+0x25c) [0x55dd9f4d0efa]
compute-mfcc-feats(main+0xbc7) [0x55dd9f4c1bb0]
/lib/x86_64-linux-gnu/libc.so.6(__libc_start_main+0xf3) [0x7fc64809a0b3]
compute-mfcc-feats(_start+0x2e) [0x55dd9f4c0f2e]

WARNING (compute-mfcc-feats[5.5.846~1-a7c42]:main():compute-mfcc-feats.cc:151) Failed to compute features for utterance theo_3_0
ERROR (compute-mfcc-feats[5.5.846~1-a7c42]:ComputeFeatures():feat/feature-common-inl.h:47) Waveform and config sample Frequency mismatch: 8000 .vs 16000 (use --allow-upsample=true option to allow  upsampling the waveform).

[ Stack-Trace: ]
/home/peter/Documents/kaldi/src/lib/libkaldi-base.so(kaldi::MessageLogger::LogMessage() const+0x793) [0x7fc6484a1183]
compute-mfcc-feats(kaldi::MessageLogger::LogAndThrow::operator=(kaldi::MessageLogger const&)+0x25) [0x55dd9f4c3bc5]
compute-mfcc-feats(kaldi::OfflineFeatureTpl<kaldi::MfccComputer>::ComputeFeatures(kaldi::VectorBase<float> const&, float, float, kaldi::Matrix<float>*)+0x25c) [0x55dd9f4d0efa]
compute-mfcc-feats(main+0xbc7) [0x55dd9f4c1bb0]
/lib/x86_64-linux-gnu/libc.so.6(__libc_start_main+0xf3) [0x7fc64809a0b3]
compute-mfcc-feats(_start+0x2e) [0x55dd9f4c0f2e]

WARNING (compute-mfcc-feats[5.5.846~1-a7c42]:main():compute-mfcc-feats.cc:151) Failed to compute features for utterance theo_3_1
ERROR (compute-mfcc-feats[5.5.846~1-a7c42]:ComputeFeatures():feat/feature-common-inl.h:47) Waveform and config sample Frequency mismatch: 8000 .vs 16000 (use --allow-upsample=true option to allow  upsampling the waveform).

[ Stack-Trace: ]
/home/peter/Documents/kaldi/src/lib/libkaldi-base.so(kaldi::MessageLogger::LogMessage() const+0x793) [0x7fc6484a1183]
compute-mfcc-feats(kaldi::MessageLogger::LogAndThrow::operator=(kaldi::MessageLogger const&)+0x25) [0x55dd9f4c3bc5]
compute-mfcc-feats(kaldi::OfflineFeatureTpl<kaldi::MfccComputer>::ComputeFeatures(kaldi::VectorBase<float> const&, float, float, kaldi::Matrix<float>*)+0x25c) [0x55dd9f4d0efa]
compute-mfcc-feats(main+0xbc7) [0x55dd9f4c1bb0]
/lib/x86_64-linux-gnu/libc.so.6(__libc_start_main+0xf3) [0x7fc64809a0b3]
compute-mfcc-feats(_start+0x2e) [0x55dd9f4c0f2e]

WARNING (compute-mfcc-feats[5.5.846~1-a7c42]:main():compute-mfcc-feats.cc:151) Failed to compute features for utterance theo_3_2
ERROR (compute-mfcc-feats[5.5.846~1-a7c42]:ComputeFeatures():feat/feature-common-inl.h:47) Waveform and config sample Frequency mismatch: 8000 .vs 16000 (use --allow-upsample=true option to allow  upsampling the waveform).

[ Stack-Trace: ]
/home/peter/Documents/kaldi/src/lib/libkaldi-base.so(kaldi::MessageLogger::LogMessage() const+0x793) [0x7fc6484a1183]
compute-mfcc-feats(kaldi::MessageLogger::LogAndThrow::operator=(kaldi::MessageLogger const&)+0x25) [0x55dd9f4c3bc5]
compute-mfcc-feats(kaldi::OfflineFeatureTpl<kaldi::MfccComputer>::ComputeFeatures(kaldi::VectorBase<float> const&, float, float, kaldi::Matrix<float>*)+0x25c) [0x55dd9f4d0efa]
compute-mfcc-feats(main+0xbc7) [0x55dd9f4c1bb0]
/lib/x86_64-linux-gnu/libc.so.6(__libc_start_main+0xf3) [0x7fc64809a0b3]
compute-mfcc-feats(_start+0x2e) [0x55dd9f4c0f2e]

WARNING (compute-mfcc-feats[5.5.846~1-a7c42]:main():compute-mfcc-feats.cc:151) Failed to compute features for utterance theo_3_3
ERROR (compute-mfcc-feats[5.5.846~1-a7c42]:ComputeFeatures():feat/feature-common-inl.h:47) Waveform and config sample Frequency mismatch: 8000 .vs 16000 (use --allow-upsample=true option to allow  upsampling the waveform).

[ Stack-Trace: ]
/home/peter/Documents/kaldi/src/lib/libkaldi-base.so(kaldi::MessageLogger::LogMessage() const+0x793) [0x7fc6484a1183]
compute-mfcc-feats(kaldi::MessageLogger::LogAndThrow::operator=(kaldi::MessageLogger const&)+0x25) [0x55dd9f4c3bc5]
compute-mfcc-feats(kaldi::OfflineFeatureTpl<kaldi::MfccComputer>::ComputeFeatures(kaldi::VectorBase<float> const&, float, float, kaldi::Matrix<float>*)+0x25c) [0x55dd9f4d0efa]
compute-mfcc-feats(main+0xbc7) [0x55dd9f4c1bb0]
/lib/x86_64-linux-gnu/libc.so.6(__libc_start_main+0xf3) [0x7fc64809a0b3]
compute-mfcc-feats(_start+0x2e) [0x55dd9f4c0f2e]

WARNING (compute-mfcc-feats[5.5.846~1-a7c42]:main():compute-mfcc-feats.cc:151) Failed to compute features for utterance theo_3_4
ERROR (compute-mfcc-feats[5.5.846~1-a7c42]:ComputeFeatures():feat/feature-common-inl.h:47) Waveform and config sample Frequency mismatch: 8000 .vs 16000 (use --allow-upsample=true option to allow  upsampling the waveform).

[ Stack-Trace: ]
/home/peter/Documents/kaldi/src/lib/libkaldi-base.so(kaldi::MessageLogger::LogMessage() const+0x793) [0x7fc6484a1183]
compute-mfcc-feats(kaldi::MessageLogger::LogAndThrow::operator=(kaldi::MessageLogger const&)+0x25) [0x55dd9f4c3bc5]
compute-mfcc-feats(kaldi::OfflineFeatureTpl<kaldi::MfccComputer>::ComputeFeatures(kaldi::VectorBase<float> const&, float, float, kaldi::Matrix<float>*)+0x25c) [0x55dd9f4d0efa]
compute-mfcc-feats(main+0xbc7) [0x55dd9f4c1bb0]
/lib/x86_64-linux-gnu/libc.so.6(__libc_start_main+0xf3) [0x7fc64809a0b3]
compute-mfcc-feats(_start+0x2e) [0x55dd9f4c0f2e]

WARNING (compute-mfcc-feats[5.5.846~1-a7c42]:main():compute-mfcc-feats.cc:151) Failed to compute features for utterance theo_3_5
ERROR (compute-mfcc-feats[5.5.846~1-a7c42]:ComputeFeatures():feat/feature-common-inl.h:47) Waveform and config sample Frequency mismatch: 8000 .vs 16000 (use --allow-upsample=true option to allow  upsampling the waveform).

[ Stack-Trace: ]
/home/peter/Documents/kaldi/src/lib/libkaldi-base.so(kaldi::MessageLogger::LogMessage() const+0x793) [0x7fc6484a1183]
compute-mfcc-feats(kaldi::MessageLogger::LogAndThrow::operator=(kaldi::MessageLogger const&)+0x25) [0x55dd9f4c3bc5]
compute-mfcc-feats(kaldi::OfflineFeatureTpl<kaldi::MfccComputer>::ComputeFeatures(kaldi::VectorBase<float> const&, float, float, kaldi::Matrix<float>*)+0x25c) [0x55dd9f4d0efa]
compute-mfcc-feats(main+0xbc7) [0x55dd9f4c1bb0]
/lib/x86_64-linux-gnu/libc.so.6(__libc_start_main+0xf3) [0x7fc64809a0b3]
compute-mfcc-feats(_start+0x2e) [0x55dd9f4c0f2e]

WARNING (compute-mfcc-feats[5.5.846~1-a7c42]:main():compute-mfcc-feats.cc:151) Failed to compute features for utterance theo_3_6
ERROR (compute-mfcc-feats[5.5.846~1-a7c42]:ComputeFeatures():feat/feature-common-inl.h:47) Waveform and config sample Frequency mismatch: 8000 .vs 16000 (use --allow-upsample=true option to allow  upsampling the waveform).

[ Stack-Trace: ]
/home/peter/Documents/kaldi/src/lib/libkaldi-base.so(kaldi::MessageLogger::LogMessage() const+0x793) [0x7fc6484a1183]
compute-mfcc-feats(kaldi::MessageLogger::LogAndThrow::operator=(kaldi::MessageLogger const&)+0x25) [0x55dd9f4c3bc5]
compute-mfcc-feats(kaldi::OfflineFeatureTpl<kaldi::MfccComputer>::ComputeFeatures(kaldi::VectorBase<float> const&, float, float, kaldi::Matrix<float>*)+0x25c) [0x55dd9f4d0efa]
compute-mfcc-feats(main+0xbc7) [0x55dd9f4c1bb0]
/lib/x86_64-linux-gnu/libc.so.6(__libc_start_main+0xf3) [0x7fc64809a0b3]
compute-mfcc-feats(_start+0x2e) [0x55dd9f4c0f2e]

WARNING (compute-mfcc-feats[5.5.846~1-a7c42]:main():compute-mfcc-feats.cc:151) Failed to compute features for utterance theo_3_7
ERROR (compute-mfcc-feats[5.5.846~1-a7c42]:ComputeFeatures():feat/feature-common-inl.h:47) Waveform and config sample Frequency mismatch: 8000 .vs 16000 (use --allow-upsample=true option to allow  upsampling the waveform).

[ Stack-Trace: ]
/home/peter/Documents/kaldi/src/lib/libkaldi-base.so(kaldi::MessageLogger::LogMessage() const+0x793) [0x7fc6484a1183]
compute-mfcc-feats(kaldi::MessageLogger::LogAndThrow::operator=(kaldi::MessageLogger const&)+0x25) [0x55dd9f4c3bc5]
compute-mfcc-feats(kaldi::OfflineFeatureTpl<kaldi::MfccComputer>::ComputeFeatures(kaldi::VectorBase<float> const&, float, float, kaldi::Matrix<float>*)+0x25c) [0x55dd9f4d0efa]
compute-mfcc-feats(main+0xbc7) [0x55dd9f4c1bb0]
/lib/x86_64-linux-gnu/libc.so.6(__libc_start_main+0xf3) [0x7fc64809a0b3]
compute-mfcc-feats(_start+0x2e) [0x55dd9f4c0f2e]

WARNING (compute-mfcc-feats[5.5.846~1-a7c42]:main():compute-mfcc-feats.cc:151) Failed to compute features for utterance theo_3_8
ERROR (compute-mfcc-feats[5.5.846~1-a7c42]:ComputeFeatures():feat/feature-common-inl.h:47) Waveform and config sample Frequency mismatch: 8000 .vs 16000 (use --allow-upsample=true option to allow  upsampling the waveform).

[ Stack-Trace: ]
/home/peter/Documents/kaldi/src/lib/libkaldi-base.so(kaldi::MessageLogger::LogMessage() const+0x793) [0x7fc6484a1183]
compute-mfcc-feats(kaldi::MessageLogger::LogAndThrow::operator=(kaldi::MessageLogger const&)+0x25) [0x55dd9f4c3bc5]
compute-mfcc-feats(kaldi::OfflineFeatureTpl<kaldi::MfccComputer>::ComputeFeatures(kaldi::VectorBase<float> const&, float, float, kaldi::Matrix<float>*)+0x25c) [0x55dd9f4d0efa]
compute-mfcc-feats(main+0xbc7) [0x55dd9f4c1bb0]
/lib/x86_64-linux-gnu/libc.so.6(__libc_start_main+0xf3) [0x7fc64809a0b3]
compute-mfcc-feats(_start+0x2e) [0x55dd9f4c0f2e]

WARNING (compute-mfcc-feats[5.5.846~1-a7c42]:main():compute-mfcc-feats.cc:151) Failed to compute features for utterance theo_3_9
ERROR (compute-mfcc-feats[5.5.846~1-a7c42]:ComputeFeatures():feat/feature-common-inl.h:47) Waveform and config sample Frequency mismatch: 8000 .vs 16000 (use --allow-upsample=true option to allow  upsampling the waveform).

[ Stack-Trace: ]
/home/peter/Documents/kaldi/src/lib/libkaldi-base.so(kaldi::MessageLogger::LogMessage() const+0x793) [0x7fc6484a1183]
compute-mfcc-feats(kaldi::MessageLogger::LogAndThrow::operator=(kaldi::MessageLogger const&)+0x25) [0x55dd9f4c3bc5]
compute-mfcc-feats(kaldi::OfflineFeatureTpl<kaldi::MfccComputer>::ComputeFeatures(kaldi::VectorBase<float> const&, float, float, kaldi::Matrix<float>*)+0x25c) [0x55dd9f4d0efa]
compute-mfcc-feats(main+0xbc7) [0x55dd9f4c1bb0]
/lib/x86_64-linux-gnu/libc.so.6(__libc_start_main+0xf3) [0x7fc64809a0b3]
compute-mfcc-feats(_start+0x2e) [0x55dd9f4c0f2e]

WARNING (compute-mfcc-feats[5.5.846~1-a7c42]:main():compute-mfcc-feats.cc:151) Failed to compute features for utterance theo_4_0
ERROR (compute-mfcc-feats[5.5.846~1-a7c42]:ComputeFeatures():feat/feature-common-inl.h:47) Waveform and config sample Frequency mismatch: 8000 .vs 16000 (use --allow-upsample=true option to allow  upsampling the waveform).

[ Stack-Trace: ]
/home/peter/Documents/kaldi/src/lib/libkaldi-base.so(kaldi::MessageLogger::LogMessage() const+0x793) [0x7fc6484a1183]
compute-mfcc-feats(kaldi::MessageLogger::LogAndThrow::operator=(kaldi::MessageLogger const&)+0x25) [0x55dd9f4c3bc5]
compute-mfcc-feats(kaldi::OfflineFeatureTpl<kaldi::MfccComputer>::ComputeFeatures(kaldi::VectorBase<float> const&, float, float, kaldi::Matrix<float>*)+0x25c) [0x55dd9f4d0efa]
compute-mfcc-feats(main+0xbc7) [0x55dd9f4c1bb0]
/lib/x86_64-linux-gnu/libc.so.6(__libc_start_main+0xf3) [0x7fc64809a0b3]
compute-mfcc-feats(_start+0x2e) [0x55dd9f4c0f2e]

WARNING (compute-mfcc-feats[5.5.846~1-a7c42]:main():compute-mfcc-feats.cc:151) Failed to compute features for utterance theo_4_1
ERROR (compute-mfcc-feats[5.5.846~1-a7c42]:ComputeFeatures():feat/feature-common-inl.h:47) Waveform and config sample Frequency mismatch: 8000 .vs 16000 (use --allow-upsample=true option to allow  upsampling the waveform).

[ Stack-Trace: ]
/home/peter/Documents/kaldi/src/lib/libkaldi-base.so(kaldi::MessageLogger::LogMessage() const+0x793) [0x7fc6484a1183]
compute-mfcc-feats(kaldi::MessageLogger::LogAndThrow::operator=(kaldi::MessageLogger const&)+0x25) [0x55dd9f4c3bc5]
compute-mfcc-feats(kaldi::OfflineFeatureTpl<kaldi::MfccComputer>::ComputeFeatures(kaldi::VectorBase<float> const&, float, float, kaldi::Matrix<float>*)+0x25c) [0x55dd9f4d0efa]
compute-mfcc-feats(main+0xbc7) [0x55dd9f4c1bb0]
/lib/x86_64-linux-gnu/libc.so.6(__libc_start_main+0xf3) [0x7fc64809a0b3]
compute-mfcc-feats(_start+0x2e) [0x55dd9f4c0f2e]

WARNING (compute-mfcc-feats[5.5.846~1-a7c42]:main():compute-mfcc-feats.cc:151) Failed to compute features for utterance theo_4_2
ERROR (compute-mfcc-feats[5.5.846~1-a7c42]:ComputeFeatures():feat/feature-common-inl.h:47) Waveform and config sample Frequency mismatch: 8000 .vs 16000 (use --allow-upsample=true option to allow  upsampling the waveform).

[ Stack-Trace: ]
/home/peter/Documents/kaldi/src/lib/libkaldi-base.so(kaldi::MessageLogger::LogMessage() const+0x793) [0x7fc6484a1183]
compute-mfcc-feats(kaldi::MessageLogger::LogAndThrow::operator=(kaldi::MessageLogger const&)+0x25) [0x55dd9f4c3bc5]
compute-mfcc-feats(kaldi::OfflineFeatureTpl<kaldi::MfccComputer>::ComputeFeatures(kaldi::VectorBase<float> const&, float, float, kaldi::Matrix<float>*)+0x25c) [0x55dd9f4d0efa]
compute-mfcc-feats(main+0xbc7) [0x55dd9f4c1bb0]
/lib/x86_64-linux-gnu/libc.so.6(__libc_start_main+0xf3) [0x7fc64809a0b3]
compute-mfcc-feats(_start+0x2e) [0x55dd9f4c0f2e]

WARNING (compute-mfcc-feats[5.5.846~1-a7c42]:main():compute-mfcc-feats.cc:151) Failed to compute features for utterance theo_4_3
ERROR (compute-mfcc-feats[5.5.846~1-a7c42]:ComputeFeatures():feat/feature-common-inl.h:47) Waveform and config sample Frequency mismatch: 8000 .vs 16000 (use --allow-upsample=true option to allow  upsampling the waveform).

[ Stack-Trace: ]
/home/peter/Documents/kaldi/src/lib/libkaldi-base.so(kaldi::MessageLogger::LogMessage() const+0x793) [0x7fc6484a1183]
compute-mfcc-feats(kaldi::MessageLogger::LogAndThrow::operator=(kaldi::MessageLogger const&)+0x25) [0x55dd9f4c3bc5]
compute-mfcc-feats(kaldi::OfflineFeatureTpl<kaldi::MfccComputer>::ComputeFeatures(kaldi::VectorBase<float> const&, float, float, kaldi::Matrix<float>*)+0x25c) [0x55dd9f4d0efa]
compute-mfcc-feats(main+0xbc7) [0x55dd9f4c1bb0]
/lib/x86_64-linux-gnu/libc.so.6(__libc_start_main+0xf3) [0x7fc64809a0b3]
compute-mfcc-feats(_start+0x2e) [0x55dd9f4c0f2e]

WARNING (compute-mfcc-feats[5.5.846~1-a7c42]:main():compute-mfcc-feats.cc:151) Failed to compute features for utterance theo_4_4
ERROR (compute-mfcc-feats[5.5.846~1-a7c42]:ComputeFeatures():feat/feature-common-inl.h:47) Waveform and config sample Frequency mismatch: 8000 .vs 16000 (use --allow-upsample=true option to allow  upsampling the waveform).

[ Stack-Trace: ]
/home/peter/Documents/kaldi/src/lib/libkaldi-base.so(kaldi::MessageLogger::LogMessage() const+0x793) [0x7fc6484a1183]
compute-mfcc-feats(kaldi::MessageLogger::LogAndThrow::operator=(kaldi::MessageLogger const&)+0x25) [0x55dd9f4c3bc5]
compute-mfcc-feats(kaldi::OfflineFeatureTpl<kaldi::MfccComputer>::ComputeFeatures(kaldi::VectorBase<float> const&, float, float, kaldi::Matrix<float>*)+0x25c) [0x55dd9f4d0efa]
compute-mfcc-feats(main+0xbc7) [0x55dd9f4c1bb0]
/lib/x86_64-linux-gnu/libc.so.6(__libc_start_main+0xf3) [0x7fc64809a0b3]
compute-mfcc-feats(_start+0x2e) [0x55dd9f4c0f2e]

WARNING (compute-mfcc-feats[5.5.846~1-a7c42]:main():compute-mfcc-feats.cc:151) Failed to compute features for utterance theo_4_5
ERROR (compute-mfcc-feats[5.5.846~1-a7c42]:ComputeFeatures():feat/feature-common-inl.h:47) Waveform and config sample Frequency mismatch: 8000 .vs 16000 (use --allow-upsample=true option to allow  upsampling the waveform).

[ Stack-Trace: ]
/home/peter/Documents/kaldi/src/lib/libkaldi-base.so(kaldi::MessageLogger::LogMessage() const+0x793) [0x7fc6484a1183]
compute-mfcc-feats(kaldi::MessageLogger::LogAndThrow::operator=(kaldi::MessageLogger const&)+0x25) [0x55dd9f4c3bc5]
compute-mfcc-feats(kaldi::OfflineFeatureTpl<kaldi::MfccComputer>::ComputeFeatures(kaldi::VectorBase<float> const&, float, float, kaldi::Matrix<float>*)+0x25c) [0x55dd9f4d0efa]
compute-mfcc-feats(main+0xbc7) [0x55dd9f4c1bb0]
/lib/x86_64-linux-gnu/libc.so.6(__libc_start_main+0xf3) [0x7fc64809a0b3]
compute-mfcc-feats(_start+0x2e) [0x55dd9f4c0f2e]

WARNING (compute-mfcc-feats[5.5.846~1-a7c42]:main():compute-mfcc-feats.cc:151) Failed to compute features for utterance theo_4_6
ERROR (compute-mfcc-feats[5.5.846~1-a7c42]:ComputeFeatures():feat/feature-common-inl.h:47) Waveform and config sample Frequency mismatch: 8000 .vs 16000 (use --allow-upsample=true option to allow  upsampling the waveform).

[ Stack-Trace: ]
/home/peter/Documents/kaldi/src/lib/libkaldi-base.so(kaldi::MessageLogger::LogMessage() const+0x793) [0x7fc6484a1183]
compute-mfcc-feats(kaldi::MessageLogger::LogAndThrow::operator=(kaldi::MessageLogger const&)+0x25) [0x55dd9f4c3bc5]
compute-mfcc-feats(kaldi::OfflineFeatureTpl<kaldi::MfccComputer>::ComputeFeatures(kaldi::VectorBase<float> const&, float, float, kaldi::Matrix<float>*)+0x25c) [0x55dd9f4d0efa]
compute-mfcc-feats(main+0xbc7) [0x55dd9f4c1bb0]
/lib/x86_64-linux-gnu/libc.so.6(__libc_start_main+0xf3) [0x7fc64809a0b3]
compute-mfcc-feats(_start+0x2e) [0x55dd9f4c0f2e]

WARNING (compute-mfcc-feats[5.5.846~1-a7c42]:main():compute-mfcc-feats.cc:151) Failed to compute features for utterance theo_4_7
ERROR (compute-mfcc-feats[5.5.846~1-a7c42]:ComputeFeatures():feat/feature-common-inl.h:47) Waveform and config sample Frequency mismatch: 8000 .vs 16000 (use --allow-upsample=true option to allow  upsampling the waveform).

[ Stack-Trace: ]
/home/peter/Documents/kaldi/src/lib/libkaldi-base.so(kaldi::MessageLogger::LogMessage() const+0x793) [0x7fc6484a1183]
compute-mfcc-feats(kaldi::MessageLogger::LogAndThrow::operator=(kaldi::MessageLogger const&)+0x25) [0x55dd9f4c3bc5]
compute-mfcc-feats(kaldi::OfflineFeatureTpl<kaldi::MfccComputer>::ComputeFeatures(kaldi::VectorBase<float> const&, float, float, kaldi::Matrix<float>*)+0x25c) [0x55dd9f4d0efa]
compute-mfcc-feats(main+0xbc7) [0x55dd9f4c1bb0]
/lib/x86_64-linux-gnu/libc.so.6(__libc_start_main+0xf3) [0x7fc64809a0b3]
compute-mfcc-feats(_start+0x2e) [0x55dd9f4c0f2e]

WARNING (compute-mfcc-feats[5.5.846~1-a7c42]:main():compute-mfcc-feats.cc:151) Failed to compute features for utterance theo_4_8
ERROR (compute-mfcc-feats[5.5.846~1-a7c42]:ComputeFeatures():feat/feature-common-inl.h:47) Waveform and config sample Frequency mismatch: 8000 .vs 16000 (use --allow-upsample=true option to allow  upsampling the waveform).

[ Stack-Trace: ]
/home/peter/Documents/kaldi/src/lib/libkaldi-base.so(kaldi::MessageLogger::LogMessage() const+0x793) [0x7fc6484a1183]
compute-mfcc-feats(kaldi::MessageLogger::LogAndThrow::operator=(kaldi::MessageLogger const&)+0x25) [0x55dd9f4c3bc5]
compute-mfcc-feats(kaldi::OfflineFeatureTpl<kaldi::MfccComputer>::ComputeFeatures(kaldi::VectorBase<float> const&, float, float, kaldi::Matrix<float>*)+0x25c) [0x55dd9f4d0efa]
compute-mfcc-feats(main+0xbc7) [0x55dd9f4c1bb0]
/lib/x86_64-linux-gnu/libc.so.6(__libc_start_main+0xf3) [0x7fc64809a0b3]
compute-mfcc-feats(_start+0x2e) [0x55dd9f4c0f2e]

WARNING (compute-mfcc-feats[5.5.846~1-a7c42]:main():compute-mfcc-feats.cc:151) Failed to compute features for utterance theo_4_9
LOG (compute-mfcc-feats[5.5.846~1-a7c42]:main():compute-mfcc-feats.cc:185)  Done 0 out of 30 utterances.
LOG (copy-feats[5.5.846~1-a7c42]:main():copy-feats.cc:143) Copied 0 feature matrices.
# Accounting: time=0 threads=1
# Ended (code 1) at Tue Dec  8 12:41:37 GMT 2020, elapsed time 0 seconds
